#
# There is insufficient memory for the Java Runtime Environment to continue.
# Native memory allocation (malloc) failed to allocate 657376 bytes for Chunk::new
# Possible reasons:
#   The system is out of physical RAM or swap space
#   The process is running with CompressedOops enabled, and the Java Heap may be blocking the growth of the native heap
# Possible solutions:
#   Reduce memory load on the system
#   Increase physical memory or swap space
#   Check if swap backing store is full
#   Decrease Java heap size (-Xmx/-Xms)
#   Decrease number of Java threads
#   Decrease Java thread stack sizes (-Xss)
#   Set larger code cache with -XX:ReservedCodeCacheSize=
#   JVM is running with Unscaled Compressed Oops mode in which the Java heap is
#     placed in the first 4GB address space. The Java Heap base address is the
#     maximum limit for the native heap growth. Please use -XX:HeapBaseMinAddress
#     to set the Java Heap base and to place the Java Heap above 4GB virtual address.
# This output file may be truncated or incomplete.
#
#  Out of Memory Error (./src/hotspot/share/memory/arena.cpp:197), pid=2528, tid=7920
#
# JRE version: OpenJDK Runtime Environment (11.0.12+7) (build 11.0.12+7-b1504.28-7817840)
# Java VM: OpenJDK 64-Bit Server VM (11.0.12+7-b1504.28-7817840, mixed mode, tiered, compressed oops, g1 gc, windows-amd64)
# No core dump will be written. Minidumps are not enabled by default on client versions of Windows
#

---------------  S U M M A R Y ------------

Command Line: --add-opens=java.base/java.util=ALL-UNNAMED --add-opens=java.base/java.lang=ALL-UNNAMED --add-opens=java.base/java.lang.invoke=ALL-UNNAMED --add-opens=java.base/java.util=ALL-UNNAMED --add-opens=java.prefs/java.util.prefs=ALL-UNNAMED --add-opens=java.prefs/java.util.prefs=ALL-UNNAMED --add-opens=java.base/java.nio.charset=ALL-UNNAMED --add-opens=java.base/java.net=ALL-UNNAMED --add-opens=java.base/java.util.concurrent.atomic=ALL-UNNAMED -Xmx1536M -Dfile.encoding=windows-1252 -Duser.country=US -Duser.language=en -Duser.variant org.gradle.launcher.daemon.bootstrap.GradleDaemon 7.4

Host: Intel(R) Core(TM) i7-8750H CPU @ 2.20GHz, 12 cores, 7G,  Windows 10 , 64 bit Build 19041 (10.0.19041.1889)
Time: Mon Oct  3 15:51:58 2022 SE Asia Standard Time elapsed time: 39.877958 seconds (0d 0h 0m 39s)

---------------  T H R E A D  ---------------

Current thread (0x0000028e84052000):  JavaThread "C2 CompilerThread0" daemon [_thread_in_native, id=7920, stack(0x0000009d6b800000,0x0000009d6b900000)]


Current CompileTask:
C2:  39878 10726       4       java.util.jar.JarFile::maybeInstantiateVerifier (112 bytes)

Stack: [0x0000009d6b800000,0x0000009d6b900000]
Native frames: (J=compiled Java code, j=interpreted, Vv=VM code, C=native code)
V  [jvm.dll+0x5fbcea]
V  [jvm.dll+0x731905]
V  [jvm.dll+0x732f1d]
V  [jvm.dll+0x7335d3]
V  [jvm.dll+0x247bf8]
V  [jvm.dll+0xc018c]
V  [jvm.dll+0xc06cc]
V  [jvm.dll+0x2bcc04]
V  [jvm.dll+0x5113a8]
V  [jvm.dll+0x208303]
V  [jvm.dll+0x201fe0]
V  [jvm.dll+0x1ff71f]
V  [jvm.dll+0x18868c]
V  [jvm.dll+0x20e0d7]
V  [jvm.dll+0x20c901]
V  [jvm.dll+0x6f9b7f]
V  [jvm.dll+0x6f26a5]
V  [jvm.dll+0x5fabf6]
C  [ucrtbase.dll+0x21bb2]
C  [KERNEL32.DLL+0x17034]
C  [ntdll.dll+0x52651]


---------------  P R O C E S S  ---------------

Threads class SMR info:
_java_thread_list=0x0000028e872f1c50, length=183, elements={
0x0000028ee9e61000, 0x0000028effc34000, 0x0000028effc60800, 0x0000028e84043800,
0x0000028e84045800, 0x0000028e84047000, 0x0000028e84052000, 0x0000028effc77800,
0x0000028effc84000, 0x0000028e841a9800, 0x0000028e841a6000, 0x0000028e841a7800,
0x0000028e841a3800, 0x0000028e841a4800, 0x0000028e841aa000, 0x0000028e841a5000,
0x0000028e841a7000, 0x0000028e841a8800, 0x0000028e866f6000, 0x0000028e866f3800,
0x0000028e866f2000, 0x0000028e866f5000, 0x0000028e866f7000, 0x0000028e866f3000,
0x0000028e866f1000, 0x0000028e866f7800, 0x0000028e866f4800, 0x0000028e866fd800,
0x0000028e866fc800, 0x0000028e866fa000, 0x0000028e866ff000, 0x0000028e866f9800,
0x0000028e86700000, 0x0000028e854a1000, 0x0000028e854a5000, 0x0000028e854a4800,
0x0000028e854a3800, 0x0000028e854a0800, 0x0000028e854a2000, 0x0000028e8549f800,
0x0000028e854a7000, 0x0000028e854a9800, 0x0000028e854a8800, 0x0000028e854ab800,
0x0000028e854a7800, 0x0000028e854a6000, 0x0000028e854aa000, 0x0000028e854ab000,
0x0000028e854ae000, 0x0000028e854ac800, 0x0000028e854ad800, 0x0000028e851ca800,
0x0000028e851c9800, 0x0000028e851cb800, 0x0000028e851c8000, 0x0000028e851cc000,
0x0000028e851cd000, 0x0000028e851c7000, 0x0000028e851ce800, 0x0000028e851cd800,
0x0000028e851c9000, 0x0000028e851d0000, 0x0000028e851cf800, 0x0000028e851d4800,
0x0000028e851d6000, 0x0000028e851d1000, 0x0000028e851d2000, 0x0000028e851d5000,
0x0000028e851d2800, 0x0000028e851d3800, 0x0000028e899b3800, 0x0000028e899ad800,
0x0000028e899b4000, 0x0000028e899b0000, 0x0000028e899b2000, 0x0000028e899b2800,
0x0000028e899ae800, 0x0000028e899b5000, 0x0000028e899af800, 0x0000028e899b6000,
0x0000028e899b6800, 0x0000028e899b1000, 0x0000028e899bb000, 0x0000028e899b8800,
0x0000028e899bb800, 0x0000028e899b7800, 0x0000028e899bc800, 0x0000028e899b9000,
0x0000028e899ba000, 0x0000028e89957800, 0x0000028e8995b000, 0x0000028e89958800,
0x0000028e89959800, 0x0000028e89955800, 0x0000028e8995a000, 0x0000028e8995c000,
0x0000028e89956000, 0x0000028e8995c800, 0x0000028e89957000, 0x0000028e8995f000,
0x0000028e8995d800, 0x0000028e89960800, 0x0000028e89964000, 0x0000028e8995e000,
0x0000028e89960000, 0x0000028e89961800, 0x0000028e89962800, 0x0000028e89963000,
0x0000028e89991000, 0x0000028e89993800, 0x0000028e89991800, 0x0000028e89992800,
0x0000028e89994000, 0x0000028e89995000, 0x0000028e8998f800, 0x0000028e89996000,
0x0000028e89990000, 0x0000028e8999a000, 0x0000028e8999a800, 0x0000028e89998000,
0x0000028e8999b800, 0x0000028e8999c800, 0x0000028e89996800, 0x0000028e8999d000,
0x0000028e89997800, 0x0000028e8999e000, 0x0000028e89999000, 0x0000028e8b664000,
0x0000028e8b665800, 0x0000028e8b660000, 0x0000028e8b666800, 0x0000028e8b661800,
0x0000028e8b665000, 0x0000028e8b661000, 0x0000028e8b667800, 0x0000028e8b668000,
0x0000028e8b662800, 0x0000028e8b663000, 0x0000028e8b66e800, 0x0000028e8b669000,
0x0000028e8b66a000, 0x0000028e8b66d000, 0x0000028e8b66c000, 0x0000028e8b66e000,
0x0000028e8b66a800, 0x0000028e8b66b800, 0x0000028e894ab000, 0x0000028e894ab800,
0x0000028e894ac800, 0x0000028e894ae000, 0x0000028e894ad000, 0x0000028e894a8800,
0x0000028e894af000, 0x0000028e894a9000, 0x0000028e894af800, 0x0000028e894aa000,
0x0000028e894b5800, 0x0000028e894b4800, 0x0000028e894b0800, 0x0000028e894b3000,
0x0000028e894b6000, 0x0000028e894b4000, 0x0000028e894b2000, 0x0000028e894b7000,
0x0000028e894b1800, 0x0000028e845e6800, 0x0000028e845e7800, 0x0000028e845e6000,
0x0000028e845ee000, 0x0000028e845eb800, 0x0000028e845e8000, 0x0000028e845ec800,
0x0000028e845ea000, 0x0000028e845ea800, 0x0000028e845ed000, 0x0000028e845ef000,
0x0000028e845e9000, 0x0000028e845f5800, 0x0000028e845ef800, 0x0000028e845f4800,
0x0000028e845f3800, 0x0000028e845f2000, 0x0000028e845f6000
}

Java Threads: ( => current thread )
  0x0000028ee9e61000 JavaThread "main" [_thread_blocked, id=10668, stack(0x0000009d6ac00000,0x0000009d6ad00000)]
  0x0000028effc34000 JavaThread "Reference Handler" daemon [_thread_blocked, id=18564, stack(0x0000009d6b300000,0x0000009d6b400000)]
  0x0000028effc60800 JavaThread "Finalizer" daemon [_thread_blocked, id=19984, stack(0x0000009d6b400000,0x0000009d6b500000)]
  0x0000028e84043800 JavaThread "Signal Dispatcher" daemon [_thread_blocked, id=15936, stack(0x0000009d6b500000,0x0000009d6b600000)]
  0x0000028e84045800 JavaThread "Attach Listener" daemon [_thread_blocked, id=7848, stack(0x0000009d6b600000,0x0000009d6b700000)]
  0x0000028e84047000 JavaThread "Service Thread" daemon [_thread_blocked, id=5840, stack(0x0000009d6b700000,0x0000009d6b800000)]
=>0x0000028e84052000 JavaThread "C2 CompilerThread0" daemon [_thread_in_native, id=7920, stack(0x0000009d6b800000,0x0000009d6b900000)]
  0x0000028effc77800 JavaThread "C1 CompilerThread0" daemon [_thread_blocked, id=17608, stack(0x0000009d6b900000,0x0000009d6ba00000)]
  0x0000028effc84000 JavaThread "Sweeper thread" daemon [_thread_blocked, id=21680, stack(0x0000009d6ba00000,0x0000009d6bb00000)]
  0x0000028e841a9800 JavaThread "Common-Cleaner" daemon [_thread_blocked, id=17240, stack(0x0000009d6bb00000,0x0000009d6bc00000)]
  0x0000028e841a6000 JavaThread "Daemon health stats" [_thread_blocked, id=17420, stack(0x0000009d6c000000,0x0000009d6c100000)]
  0x0000028e841a7800 JavaThread "Incoming local TCP Connector on port 49509" [_thread_in_native, id=16312, stack(0x0000009d6bd00000,0x0000009d6be00000)]
  0x0000028e841a3800 JavaThread "Daemon periodic checks" [_thread_blocked, id=21704, stack(0x0000009d6c100000,0x0000009d6c200000)]
  0x0000028e841a4800 JavaThread "Daemon" [_thread_blocked, id=17300, stack(0x0000009d6c200000,0x0000009d6c300000)]
  0x0000028e841aa000 JavaThread "Handler for socket connection from /127.0.0.1:49509 to /127.0.0.1:49510" [_thread_in_native, id=20188, stack(0x0000009d6c300000,0x0000009d6c400000)]
  0x0000028e841a5000 JavaThread "Cancel handler" [_thread_blocked, id=10776, stack(0x0000009d6c400000,0x0000009d6c500000)]
  0x0000028e841a7000 JavaThread "Daemon worker" [_thread_blocked, id=10520, stack(0x0000009d6c500000,0x0000009d6c600000)]
  0x0000028e841a8800 JavaThread "Asynchronous log dispatcher for DefaultDaemonConnection: socket connection from /127.0.0.1:49509 to /127.0.0.1:49510" [_thread_blocked, id=15880, stack(0x0000009d6c600000,0x0000009d6c700000)]
  0x0000028e866f6000 JavaThread "Stdin handler" [_thread_blocked, id=15376, stack(0x0000009d6c700000,0x0000009d6c800000)]
  0x0000028e866f3800 JavaThread "Daemon client event forwarder" [_thread_blocked, id=11188, stack(0x0000009d6c800000,0x0000009d6c900000)]
  0x0000028e866f2000 JavaThread "Cache worker for journal cache (C:\Users\luutr\.gradle\caches\journal-1)" [_thread_blocked, id=22060, stack(0x0000009d6d000000,0x0000009d6d100000)]
  0x0000028e866f5000 JavaThread "File lock request listener" [_thread_in_native, id=23076, stack(0x0000009d6d100000,0x0000009d6d200000)]
  0x0000028e866f7000 JavaThread "Cache worker for file hash cache (C:\Users\luutr\.gradle\caches\7.4\fileHashes)" [_thread_blocked, id=18276, stack(0x0000009d6d200000,0x0000009d6d300000)]
  0x0000028e866f3000 JavaThread "File watcher server" daemon [_thread_in_native, id=14244, stack(0x0000009d6d600000,0x0000009d6d700000)]
  0x0000028e866f1000 JavaThread "File watcher consumer" daemon [_thread_blocked, id=16048, stack(0x0000009d6d700000,0x0000009d6d800000)]
  0x0000028e866f7800 JavaThread "Cache worker for checksums cache (E:\frontend\flutter\thientin\app_flutter_thientin\android\.gradle\7.4\checksums)" [_thread_blocked, id=9644, stack(0x0000009d6d800000,0x0000009d6d900000)]
  0x0000028e866f4800 JavaThread "Cache worker for cache directory md-rule (C:\Users\luutr\.gradle\caches\7.4\md-rule)" [_thread_blocked, id=16424, stack(0x0000009d6d900000,0x0000009d6da00000)]
  0x0000028e866fd800 JavaThread "Cache worker for file hash cache (E:\frontend\flutter\thientin\app_flutter_thientin\android\.gradle\7.4\fileHashes)" [_thread_blocked, id=20580, stack(0x0000009d6da00000,0x0000009d6db00000)]
  0x0000028e866fc800 JavaThread "Cache worker for cache directory md-supplier (C:\Users\luutr\.gradle\caches\7.4\md-supplier)" [_thread_blocked, id=13892, stack(0x0000009d6db00000,0x0000009d6dc00000)]
  0x0000028e866fa000 JavaThread "Cache worker for execution history cache (C:\Users\luutr\.gradle\caches\7.4\executionHistory)" [_thread_blocked, id=14976, stack(0x0000009d6dc00000,0x0000009d6dd00000)]
  0x0000028e866ff000 JavaThread "jar transforms" [_thread_blocked, id=13232, stack(0x0000009d6dd00000,0x0000009d6de00000)]
  0x0000028e866f9800 JavaThread "jar transforms Thread 2" [_thread_blocked, id=11576, stack(0x0000009d6de00000,0x0000009d6df00000)]
  0x0000028e86700000 JavaThread "Cache worker for file content cache (C:\Users\luutr\.gradle\caches\7.4\fileContent)" [_thread_blocked, id=14860, stack(0x0000009d6df00000,0x0000009d6e000000)]
  0x0000028e854a1000 JavaThread "jar transforms Thread 3" [_thread_blocked, id=16836, stack(0x0000009d6e000000,0x0000009d6e100000)]
  0x0000028e854a5000 JavaThread "jar transforms Thread 4" [_thread_blocked, id=6968, stack(0x0000009d6e100000,0x0000009d6e200000)]
  0x0000028e854a4800 JavaThread "Cache worker for dependencies-accessors (E:\frontend\flutter\thientin\app_flutter_thientin\android\.gradle\7.4\dependencies-accessors)" [_thread_blocked, id=12476, stack(0x0000009d6e200000,0x0000009d6e300000)]
  0x0000028e854a3800 JavaThread "jar transforms Thread 5" [_thread_blocked, id=11056, stack(0x0000009d6e300000,0x0000009d6e400000)]
  0x0000028e854a0800 JavaThread "Cache worker for Build Output Cleanup Cache (E:\frontend\flutter\thientin\app_flutter_thientin\android\.gradle\buildOutputCleanup)" [_thread_blocked, id=4972, stack(0x0000009d6e400000,0x0000009d6e500000)]
  0x0000028e854a2000 JavaThread "Unconstrained build operations" [_thread_blocked, id=14200, stack(0x0000009d6e500000,0x0000009d6e600000)]
  0x0000028e8549f800 JavaThread "Unconstrained build operations Thread 2" [_thread_blocked, id=23184, stack(0x0000009d6e600000,0x0000009d6e700000)]
  0x0000028e854a7000 JavaThread "Unconstrained build operations Thread 3" [_thread_blocked, id=1896, stack(0x0000009d6e700000,0x0000009d6e800000)]
  0x0000028e854a9800 JavaThread "Unconstrained build operations Thread 4" [_thread_blocked, id=13748, stack(0x0000009d6e800000,0x0000009d6e900000)]
  0x0000028e854a8800 JavaThread "Unconstrained build operations Thread 5" [_thread_blocked, id=3568, stack(0x0000009d6e900000,0x0000009d6ea00000)]
  0x0000028e854ab800 JavaThread "Unconstrained build operations Thread 6" [_thread_blocked, id=16388, stack(0x0000009d6ea00000,0x0000009d6eb00000)]
  0x0000028e854a7800 JavaThread "Unconstrained build operations Thread 7" [_thread_blocked, id=12432, stack(0x0000009d6eb00000,0x0000009d6ec00000)]
  0x0000028e854a6000 JavaThread "Unconstrained build operations Thread 8" [_thread_blocked, id=13308, stack(0x0000009d6ec00000,0x0000009d6ed00000)]
  0x0000028e854aa000 JavaThread "Unconstrained build operations Thread 9" [_thread_blocked, id=22572, stack(0x0000009d6ed00000,0x0000009d6ee00000)]
  0x0000028e854ab000 JavaThread "Unconstrained build operations Thread 10" [_thread_blocked, id=7076, stack(0x0000009d6ee00000,0x0000009d6ef00000)]
  0x0000028e854ae000 JavaThread "Unconstrained build operations Thread 11" [_thread_blocked, id=5784, stack(0x0000009d6ef00000,0x0000009d6f000000)]
  0x0000028e854ac800 JavaThread "Unconstrained build operations Thread 12" [_thread_blocked, id=8132, stack(0x0000009d6f000000,0x0000009d6f100000)]
  0x0000028e854ad800 JavaThread "Unconstrained build operations Thread 13" [_thread_blocked, id=13272, stack(0x0000009d6f100000,0x0000009d6f200000)]
  0x0000028e851ca800 JavaThread "Unconstrained build operations Thread 14" [_thread_blocked, id=7880, stack(0x0000009d6f200000,0x0000009d6f300000)]
  0x0000028e851c9800 JavaThread "Unconstrained build operations Thread 15" [_thread_blocked, id=10488, stack(0x0000009d6f300000,0x0000009d6f400000)]
  0x0000028e851cb800 JavaThread "Unconstrained build operations Thread 16" [_thread_blocked, id=5340, stack(0x0000009d6f400000,0x0000009d6f500000)]
  0x0000028e851c8000 JavaThread "Unconstrained build operations Thread 17" [_thread_blocked, id=4064, stack(0x0000009d6f500000,0x0000009d6f600000)]
  0x0000028e851cc000 JavaThread "Unconstrained build operations Thread 18" [_thread_blocked, id=14724, stack(0x0000009d6f600000,0x0000009d6f700000)]
  0x0000028e851cd000 JavaThread "Unconstrained build operations Thread 19" [_thread_blocked, id=9712, stack(0x0000009d6f700000,0x0000009d6f800000)]
  0x0000028e851c7000 JavaThread "Unconstrained build operations Thread 20" [_thread_blocked, id=13508, stack(0x0000009d6f800000,0x0000009d6f900000)]
  0x0000028e851ce800 JavaThread "Unconstrained build operations Thread 21" [_thread_blocked, id=13372, stack(0x0000009d6f900000,0x0000009d6fa00000)]
  0x0000028e851cd800 JavaThread "Unconstrained build operations Thread 22" [_thread_blocked, id=15448, stack(0x0000009d6fa00000,0x0000009d6fb00000)]
  0x0000028e851c9000 JavaThread "Unconstrained build operations Thread 23" [_thread_blocked, id=21368, stack(0x0000009d6fb00000,0x0000009d6fc00000)]
  0x0000028e851d0000 JavaThread "Unconstrained build operations Thread 24" [_thread_blocked, id=22700, stack(0x0000009d6fc00000,0x0000009d6fd00000)]
  0x0000028e851cf800 JavaThread "Unconstrained build operations Thread 25" [_thread_blocked, id=19732, stack(0x0000009d6fd00000,0x0000009d6fe00000)]
  0x0000028e851d4800 JavaThread "Unconstrained build operations Thread 26" [_thread_blocked, id=7852, stack(0x0000009d6fe00000,0x0000009d6ff00000)]
  0x0000028e851d6000 JavaThread "Unconstrained build operations Thread 27" [_thread_blocked, id=17244, stack(0x0000009d6ff00000,0x0000009d70000000)]
  0x0000028e851d1000 JavaThread "Unconstrained build operations Thread 28" [_thread_blocked, id=8644, stack(0x0000009d70000000,0x0000009d70100000)]
  0x0000028e851d2000 JavaThread "Unconstrained build operations Thread 29" [_thread_blocked, id=12636, stack(0x0000009d70100000,0x0000009d70200000)]
  0x0000028e851d5000 JavaThread "Unconstrained build operations Thread 30" [_thread_blocked, id=18160, stack(0x0000009d70200000,0x0000009d70300000)]
  0x0000028e851d2800 JavaThread "Unconstrained build operations Thread 31" [_thread_blocked, id=5368, stack(0x0000009d70300000,0x0000009d70400000)]
  0x0000028e851d3800 JavaThread "Unconstrained build operations Thread 32" [_thread_blocked, id=7808, stack(0x0000009d70400000,0x0000009d70500000)]
  0x0000028e899b3800 JavaThread "Unconstrained build operations Thread 33" [_thread_blocked, id=19236, stack(0x0000009d70500000,0x0000009d70600000)]
  0x0000028e899ad800 JavaThread "Unconstrained build operations Thread 34" [_thread_blocked, id=14316, stack(0x0000009d70600000,0x0000009d70700000)]
  0x0000028e899b4000 JavaThread "Unconstrained build operations Thread 35" [_thread_blocked, id=2548, stack(0x0000009d70700000,0x0000009d70800000)]
  0x0000028e899b0000 JavaThread "Unconstrained build operations Thread 36" [_thread_blocked, id=23288, stack(0x0000009d70800000,0x0000009d70900000)]
  0x0000028e899b2000 JavaThread "Unconstrained build operations Thread 37" [_thread_blocked, id=20036, stack(0x0000009d70900000,0x0000009d70a00000)]
  0x0000028e899b2800 JavaThread "Unconstrained build operations Thread 38" [_thread_blocked, id=16540, stack(0x0000009d70a00000,0x0000009d70b00000)]
  0x0000028e899ae800 JavaThread "Unconstrained build operations Thread 39" [_thread_blocked, id=14340, stack(0x0000009d70b00000,0x0000009d70c00000)]
  0x0000028e899b5000 JavaThread "Unconstrained build operations Thread 40" [_thread_blocked, id=9256, stack(0x0000009d70c00000,0x0000009d70d00000)]
  0x0000028e899af800 JavaThread "Unconstrained build operations Thread 41" [_thread_blocked, id=23160, stack(0x0000009d70d00000,0x0000009d70e00000)]
  0x0000028e899b6000 JavaThread "Unconstrained build operations Thread 42" [_thread_blocked, id=18692, stack(0x0000009d70e00000,0x0000009d70f00000)]
  0x0000028e899b6800 JavaThread "Unconstrained build operations Thread 43" [_thread_blocked, id=14848, stack(0x0000009d70f00000,0x0000009d71000000)]
  0x0000028e899b1000 JavaThread "Unconstrained build operations Thread 44" [_thread_blocked, id=892, stack(0x0000009d71000000,0x0000009d71100000)]
  0x0000028e899bb000 JavaThread "Unconstrained build operations Thread 45" [_thread_blocked, id=17056, stack(0x0000009d71100000,0x0000009d71200000)]
  0x0000028e899b8800 JavaThread "Unconstrained build operations Thread 46" [_thread_blocked, id=19684, stack(0x0000009d71200000,0x0000009d71300000)]
  0x0000028e899bb800 JavaThread "Unconstrained build operations Thread 47" [_thread_blocked, id=17864, stack(0x0000009d71300000,0x0000009d71400000)]
  0x0000028e899b7800 JavaThread "Unconstrained build operations Thread 48" [_thread_blocked, id=13588, stack(0x0000009d71400000,0x0000009d71500000)]
  0x0000028e899bc800 JavaThread "Unconstrained build operations Thread 49" [_thread_blocked, id=10860, stack(0x0000009d71500000,0x0000009d71600000)]
  0x0000028e899b9000 JavaThread "Unconstrained build operations Thread 50" [_thread_blocked, id=17540, stack(0x0000009d71600000,0x0000009d71700000)]
  0x0000028e899ba000 JavaThread "Unconstrained build operations Thread 51" [_thread_blocked, id=19028, stack(0x0000009d71700000,0x0000009d71800000)]
  0x0000028e89957800 JavaThread "Unconstrained build operations Thread 52" [_thread_blocked, id=16252, stack(0x0000009d71800000,0x0000009d71900000)]
  0x0000028e8995b000 JavaThread "Unconstrained build operations Thread 53" [_thread_blocked, id=11156, stack(0x0000009d71900000,0x0000009d71a00000)]
  0x0000028e89958800 JavaThread "Unconstrained build operations Thread 54" [_thread_blocked, id=7252, stack(0x0000009d71a00000,0x0000009d71b00000)]
  0x0000028e89959800 JavaThread "Unconstrained build operations Thread 55" [_thread_blocked, id=2852, stack(0x0000009d71b00000,0x0000009d71c00000)]
  0x0000028e89955800 JavaThread "Unconstrained build operations Thread 56" [_thread_blocked, id=7356, stack(0x0000009d71c00000,0x0000009d71d00000)]
  0x0000028e8995a000 JavaThread "Unconstrained build operations Thread 57" [_thread_blocked, id=12352, stack(0x0000009d71d00000,0x0000009d71e00000)]
  0x0000028e8995c000 JavaThread "Unconstrained build operations Thread 58" [_thread_blocked, id=19828, stack(0x0000009d71e00000,0x0000009d71f00000)]
  0x0000028e89956000 JavaThread "Unconstrained build operations Thread 59" [_thread_blocked, id=2408, stack(0x0000009d71f00000,0x0000009d72000000)]
  0x0000028e8995c800 JavaThread "Unconstrained build operations Thread 60" [_thread_blocked, id=22136, stack(0x0000009d72000000,0x0000009d72100000)]
  0x0000028e89957000 JavaThread "Unconstrained build operations Thread 61" [_thread_blocked, id=13768, stack(0x0000009d72100000,0x0000009d72200000)]
  0x0000028e8995f000 JavaThread "Unconstrained build operations Thread 62" [_thread_blocked, id=16908, stack(0x0000009d72200000,0x0000009d72300000)]
  0x0000028e8995d800 JavaThread "Unconstrained build operations Thread 63" [_thread_blocked, id=3668, stack(0x0000009d72300000,0x0000009d72400000)]
  0x0000028e89960800 JavaThread "Unconstrained build operations Thread 64" [_thread_blocked, id=21288, stack(0x0000009d72400000,0x0000009d72500000)]
  0x0000028e89964000 JavaThread "Unconstrained build operations Thread 65" [_thread_blocked, id=14616, stack(0x0000009d72500000,0x0000009d72600000)]
  0x0000028e8995e000 JavaThread "Unconstrained build operations Thread 66" [_thread_blocked, id=20184, stack(0x0000009d72600000,0x0000009d72700000)]
  0x0000028e89960000 JavaThread "Unconstrained build operations Thread 67" [_thread_blocked, id=2412, stack(0x0000009d72700000,0x0000009d72800000)]
  0x0000028e89961800 JavaThread "Unconstrained build operations Thread 68" [_thread_blocked, id=11124, stack(0x0000009d72800000,0x0000009d72900000)]
  0x0000028e89962800 JavaThread "Unconstrained build operations Thread 69" [_thread_blocked, id=12356, stack(0x0000009d72900000,0x0000009d72a00000)]
  0x0000028e89963000 JavaThread "Unconstrained build operations Thread 70" [_thread_blocked, id=7296, stack(0x0000009d72a00000,0x0000009d72b00000)]
  0x0000028e89991000 JavaThread "Unconstrained build operations Thread 71" [_thread_blocked, id=3576, stack(0x0000009d72b00000,0x0000009d72c00000)]
  0x0000028e89993800 JavaThread "Unconstrained build operations Thread 72" [_thread_blocked, id=18284, stack(0x0000009d72c00000,0x0000009d72d00000)]
  0x0000028e89991800 JavaThread "Unconstrained build operations Thread 73" [_thread_blocked, id=8624, stack(0x0000009d72d00000,0x0000009d72e00000)]
  0x0000028e89992800 JavaThread "Unconstrained build operations Thread 74" [_thread_blocked, id=23392, stack(0x0000009d72e00000,0x0000009d72f00000)]
  0x0000028e89994000 JavaThread "Unconstrained build operations Thread 75" [_thread_blocked, id=316, stack(0x0000009d72f00000,0x0000009d73000000)]
  0x0000028e89995000 JavaThread "Unconstrained build operations Thread 76" [_thread_blocked, id=18476, stack(0x0000009d73000000,0x0000009d73100000)]
  0x0000028e8998f800 JavaThread "Unconstrained build operations Thread 77" [_thread_blocked, id=18568, stack(0x0000009d73100000,0x0000009d73200000)]
  0x0000028e89996000 JavaThread "Unconstrained build operations Thread 78" [_thread_blocked, id=4240, stack(0x0000009d73200000,0x0000009d73300000)]
  0x0000028e89990000 JavaThread "Unconstrained build operations Thread 79" [_thread_blocked, id=19892, stack(0x0000009d73300000,0x0000009d73400000)]
  0x0000028e8999a000 JavaThread "Unconstrained build operations Thread 80" [_thread_blocked, id=22336, stack(0x0000009d73400000,0x0000009d73500000)]
  0x0000028e8999a800 JavaThread "Unconstrained build operations Thread 81" [_thread_blocked, id=12192, stack(0x0000009d73500000,0x0000009d73600000)]
  0x0000028e89998000 JavaThread "Unconstrained build operations Thread 82" [_thread_blocked, id=17504, stack(0x0000009d73600000,0x0000009d73700000)]
  0x0000028e8999b800 JavaThread "Unconstrained build operations Thread 83" [_thread_blocked, id=12552, stack(0x0000009d73700000,0x0000009d73800000)]
  0x0000028e8999c800 JavaThread "Unconstrained build operations Thread 84" [_thread_blocked, id=18348, stack(0x0000009d73800000,0x0000009d73900000)]
  0x0000028e89996800 JavaThread "Unconstrained build operations Thread 85" [_thread_blocked, id=2460, stack(0x0000009d73900000,0x0000009d73a00000)]
  0x0000028e8999d000 JavaThread "Unconstrained build operations Thread 86" [_thread_blocked, id=14000, stack(0x0000009d73a00000,0x0000009d73b00000)]
  0x0000028e89997800 JavaThread "Unconstrained build operations Thread 87" [_thread_blocked, id=5104, stack(0x0000009d73b00000,0x0000009d73c00000)]
  0x0000028e8999e000 JavaThread "Unconstrained build operations Thread 88" [_thread_blocked, id=8680, stack(0x0000009d73c00000,0x0000009d73d00000)]
  0x0000028e89999000 JavaThread "Unconstrained build operations Thread 89" [_thread_blocked, id=4672, stack(0x0000009d73d00000,0x0000009d73e00000)]
  0x0000028e8b664000 JavaThread "Unconstrained build operations Thread 90" [_thread_blocked, id=13356, stack(0x0000009d73e00000,0x0000009d73f00000)]
  0x0000028e8b665800 JavaThread "Unconstrained build operations Thread 91" [_thread_blocked, id=172, stack(0x0000009d73f00000,0x0000009d74000000)]
  0x0000028e8b660000 JavaThread "Unconstrained build operations Thread 92" [_thread_blocked, id=12784, stack(0x0000009d74000000,0x0000009d74100000)]
  0x0000028e8b666800 JavaThread "Unconstrained build operations Thread 93" [_thread_blocked, id=4832, stack(0x0000009d74100000,0x0000009d74200000)]
  0x0000028e8b661800 JavaThread "Unconstrained build operations Thread 94" [_thread_blocked, id=10536, stack(0x0000009d74200000,0x0000009d74300000)]
  0x0000028e8b665000 JavaThread "Unconstrained build operations Thread 95" [_thread_blocked, id=12988, stack(0x0000009d74300000,0x0000009d74400000)]
  0x0000028e8b661000 JavaThread "Unconstrained build operations Thread 96" [_thread_blocked, id=10272, stack(0x0000009d74400000,0x0000009d74500000)]
  0x0000028e8b667800 JavaThread "Unconstrained build operations Thread 97" [_thread_blocked, id=14568, stack(0x0000009d74500000,0x0000009d74600000)]
  0x0000028e8b668000 JavaThread "Unconstrained build operations Thread 98" [_thread_blocked, id=22300, stack(0x0000009d74600000,0x0000009d74700000)]
  0x0000028e8b662800 JavaThread "Unconstrained build operations Thread 99" [_thread_blocked, id=13072, stack(0x0000009d74700000,0x0000009d74800000)]
  0x0000028e8b663000 JavaThread "Unconstrained build operations Thread 100" [_thread_blocked, id=22508, stack(0x0000009d74800000,0x0000009d74900000)]
  0x0000028e8b66e800 JavaThread "Unconstrained build operations Thread 101" [_thread_blocked, id=16448, stack(0x0000009d74900000,0x0000009d74a00000)]
  0x0000028e8b669000 JavaThread "Unconstrained build operations Thread 102" [_thread_blocked, id=13116, stack(0x0000009d74a00000,0x0000009d74b00000)]
  0x0000028e8b66a000 JavaThread "Unconstrained build operations Thread 103" [_thread_blocked, id=792, stack(0x0000009d74b00000,0x0000009d74c00000)]
  0x0000028e8b66d000 JavaThread "Unconstrained build operations Thread 104" [_thread_blocked, id=17368, stack(0x0000009d74c00000,0x0000009d74d00000)]
  0x0000028e8b66c000 JavaThread "Unconstrained build operations Thread 105" [_thread_blocked, id=1272, stack(0x0000009d74d00000,0x0000009d74e00000)]
  0x0000028e8b66e000 JavaThread "Unconstrained build operations Thread 106" [_thread_blocked, id=22320, stack(0x0000009d74e00000,0x0000009d74f00000)]
  0x0000028e8b66a800 JavaThread "Unconstrained build operations Thread 107" [_thread_blocked, id=18404, stack(0x0000009d74f00000,0x0000009d75000000)]
  0x0000028e8b66b800 JavaThread "Unconstrained build operations Thread 108" [_thread_blocked, id=13764, stack(0x0000009d75000000,0x0000009d75100000)]
  0x0000028e894ab000 JavaThread "Unconstrained build operations Thread 109" [_thread_blocked, id=5808, stack(0x0000009d75100000,0x0000009d75200000)]
  0x0000028e894ab800 JavaThread "Unconstrained build operations Thread 110" [_thread_blocked, id=7628, stack(0x0000009d75200000,0x0000009d75300000)]
  0x0000028e894ac800 JavaThread "Unconstrained build operations Thread 111" [_thread_blocked, id=4136, stack(0x0000009d75300000,0x0000009d75400000)]
  0x0000028e894ae000 JavaThread "Unconstrained build operations Thread 112" [_thread_blocked, id=7888, stack(0x0000009d75400000,0x0000009d75500000)]
  0x0000028e894ad000 JavaThread "Unconstrained build operations Thread 113" [_thread_blocked, id=16776, stack(0x0000009d75500000,0x0000009d75600000)]
  0x0000028e894a8800 JavaThread "Unconstrained build operations Thread 114" [_thread_blocked, id=18088, stack(0x0000009d75600000,0x0000009d75700000)]
  0x0000028e894af000 JavaThread "Unconstrained build operations Thread 115" [_thread_blocked, id=22720, stack(0x0000009d75700000,0x0000009d75800000)]
  0x0000028e894a9000 JavaThread "Unconstrained build operations Thread 116" [_thread_blocked, id=1288, stack(0x0000009d75800000,0x0000009d75900000)]
  0x0000028e894af800 JavaThread "Unconstrained build operations Thread 117" [_thread_blocked, id=12400, stack(0x0000009d75900000,0x0000009d75a00000)]
  0x0000028e894aa000 JavaThread "Unconstrained build operations Thread 118" [_thread_blocked, id=13076, stack(0x0000009d75a00000,0x0000009d75b00000)]
  0x0000028e894b5800 JavaThread "Unconstrained build operations Thread 119" [_thread_blocked, id=17548, stack(0x0000009d75b00000,0x0000009d75c00000)]
  0x0000028e894b4800 JavaThread "Unconstrained build operations Thread 120" [_thread_blocked, id=2920, stack(0x0000009d75c00000,0x0000009d75d00000)]
  0x0000028e894b0800 JavaThread "jar transforms Thread 6" [_thread_blocked, id=2952, stack(0x0000009d75d00000,0x0000009d75e00000)]
  0x0000028e894b3000 JavaThread "jar transforms Thread 7" [_thread_blocked, id=17316, stack(0x0000009d75e00000,0x0000009d75f00000)]
  0x0000028e894b6000 JavaThread "jar transforms Thread 8" [_thread_blocked, id=784, stack(0x0000009d75f00000,0x0000009d76000000)]
  0x0000028e894b4000 JavaThread "jar transforms Thread 9" [_thread_blocked, id=10436, stack(0x0000009d76000000,0x0000009d76100000)]
  0x0000028e894b2000 JavaThread "jar transforms Thread 10" [_thread_blocked, id=16788, stack(0x0000009d76100000,0x0000009d76200000)]
  0x0000028e894b7000 JavaThread "jar transforms Thread 11" [_thread_blocked, id=6628, stack(0x0000009d76200000,0x0000009d76300000)]
  0x0000028e894b1800 JavaThread "jar transforms Thread 12" [_thread_blocked, id=5728, stack(0x0000009d76300000,0x0000009d76400000)]
  0x0000028e845e6800 JavaThread "Memory manager" [_thread_blocked, id=13160, stack(0x0000009d76400000,0x0000009d76500000)]
  0x0000028e845e7800 JavaThread "build event listener" [_thread_blocked, id=2996, stack(0x0000009d6d500000,0x0000009d6d600000)]
  0x0000028e845e6000 JavaThread "included builds" [_thread_blocked, id=21796, stack(0x0000009d76500000,0x0000009d76600000)]
  0x0000028e845ee000 JavaThread "Execution worker for ':'" [_thread_blocked, id=13844, stack(0x0000009d76600000,0x0000009d76700000)]
  0x0000028e845eb800 JavaThread "Execution worker for ':' Thread 2" [_thread_blocked, id=11196, stack(0x0000009d76700000,0x0000009d76800000)]
  0x0000028e845e8000 JavaThread "Execution worker for ':' Thread 3" [_thread_blocked, id=18524, stack(0x0000009d76800000,0x0000009d76900000)]
  0x0000028e845ec800 JavaThread "Execution worker for ':' Thread 4" [_thread_blocked, id=18720, stack(0x0000009d76900000,0x0000009d76a00000)]
  0x0000028e845ea000 JavaThread "Execution worker for ':' Thread 5" [_thread_blocked, id=12668, stack(0x0000009d76a00000,0x0000009d76b00000)]
  0x0000028e845ea800 JavaThread "Execution worker for ':' Thread 6" [_thread_blocked, id=11384, stack(0x0000009d76b00000,0x0000009d76c00000)]
  0x0000028e845ed000 JavaThread "Execution worker for ':' Thread 7" [_thread_blocked, id=16128, stack(0x0000009d76c00000,0x0000009d76d00000)]
  0x0000028e845ef000 JavaThread "Execution worker for ':' Thread 8" [_thread_blocked, id=10040, stack(0x0000009d76d00000,0x0000009d76e00000)]
  0x0000028e845e9000 JavaThread "Execution worker for ':' Thread 9" [_thread_blocked, id=17712, stack(0x0000009d76e00000,0x0000009d76f00000)]
  0x0000028e845f5800 JavaThread "Execution worker for ':' Thread 10" [_thread_blocked, id=19824, stack(0x0000009d76f00000,0x0000009d77000000)]
  0x0000028e845ef800 JavaThread "Execution worker for ':' Thread 11" [_thread_blocked, id=15696, stack(0x0000009d77000000,0x0000009d77100000)]
  0x0000028e845f4800 JavaThread "Cache worker for execution history cache (E:\frontend\flutter\thientin\app_flutter_thientin\android\.gradle\7.4\executionHistory)" [_thread_blocked, id=20900, stack(0x0000009d77100000,0x0000009d77200000)]
  0x0000028e845f3800 JavaThread "Exec process" [_thread_in_native, id=17708, stack(0x0000009d77200000,0x0000009d77300000)]
  0x0000028e845f2000 JavaThread "Exec process Thread 2" [_thread_in_native, id=21052, stack(0x0000009d77300000,0x0000009d77400000)]
  0x0000028e845f6000 JavaThread "Exec process Thread 3" [_thread_in_native, id=22752, stack(0x0000009d77400000,0x0000009d77500000)]

Other Threads:
  0x0000028effc32800 VMThread "VM Thread" [stack: 0x0000009d6b200000,0x0000009d6b300000] [id=12536]
  0x0000028e841d0000 WatcherThread [stack: 0x0000009d6bc00000,0x0000009d6bd00000] [id=18092]
  0x0000028ee9e79800 GCTaskThread "GC Thread#0" [stack: 0x0000009d6ad00000,0x0000009d6ae00000] [id=9072]
  0x0000028e84d88800 GCTaskThread "GC Thread#1" [stack: 0x0000009d6be00000,0x0000009d6bf00000] [id=21000]
  0x0000028e84495800 GCTaskThread "GC Thread#2" [stack: 0x0000009d6bf00000,0x0000009d6c000000] [id=22868]
  0x0000028e85ddd000 GCTaskThread "GC Thread#3" [stack: 0x0000009d6c900000,0x0000009d6ca00000] [id=19372]
  0x0000028e854bd800 GCTaskThread "GC Thread#4" [stack: 0x0000009d6ca00000,0x0000009d6cb00000] [id=22812]
  0x0000028e86161800 GCTaskThread "GC Thread#5" [stack: 0x0000009d6cb00000,0x0000009d6cc00000] [id=4724]
  0x0000028e84fd3800 GCTaskThread "GC Thread#6" [stack: 0x0000009d6cc00000,0x0000009d6cd00000] [id=13220]
  0x0000028e86671000 GCTaskThread "GC Thread#7" [stack: 0x0000009d6cd00000,0x0000009d6ce00000] [id=11456]
  0x0000028e85c9d800 GCTaskThread "GC Thread#8" [stack: 0x0000009d6ce00000,0x0000009d6cf00000] [id=15608]
  0x0000028e86475800 GCTaskThread "GC Thread#9" [stack: 0x0000009d6cf00000,0x0000009d6d000000] [id=10020]
  0x0000028ee9ea2000 ConcurrentGCThread "G1 Main Marker" [stack: 0x0000009d6ae00000,0x0000009d6af00000] [id=780]
  0x0000028ee9ea3000 ConcurrentGCThread "G1 Conc#0" [stack: 0x0000009d6af00000,0x0000009d6b000000] [id=18032]
  0x0000028e861bb000 ConcurrentGCThread "G1 Conc#1" [stack: 0x0000009d6d300000,0x0000009d6d400000] [id=22684]
  0x0000028e866f0000 ConcurrentGCThread "G1 Conc#2" [stack: 0x0000009d6d400000,0x0000009d6d500000] [id=12572]
  0x0000028effaa1800 ConcurrentGCThread "G1 Refine#0" [stack: 0x0000009d6b000000,0x0000009d6b100000] [id=10376]
  0x0000028ee9f3c000 ConcurrentGCThread "G1 Young RemSet Sampling" [stack: 0x0000009d6b100000,0x0000009d6b200000] [id=4924]

Threads with active compile tasks:
C2 CompilerThread0  39937 10726       4       java.util.jar.JarFile::maybeInstantiateVerifier (112 bytes)

VM state:not at safepoint (normal execution)

VM Mutex/Monitor currently owned by a thread: None

Heap address: 0x00000000a0000000, size: 1536 MB, Compressed Oops mode: 32-bit
Narrow klass base: 0x0000000000000000, Narrow klass shift: 3
Compressed class space size: 1073741824 Address: 0x0000000100000000

Heap:
 garbage-first heap   total 155648K, used 130131K [0x00000000a0000000, 0x0000000100000000)
  region size 1024K, 18 young (18432K), 2 survivors (2048K)
 Metaspace       used 89878K, capacity 92976K, committed 93052K, reserved 1130496K
  class space    used 11909K, capacity 13009K, committed 13056K, reserved 1048576K
Heap Regions: E=young(eden), S=young(survivor), O=old, HS=humongous(starts), HC=humongous(continues), CS=collection set, F=free, A=archive, TAMS=top-at-mark-start (previous, next)
|   0|0x00000000a0000000, 0x00000000a0100000, 0x00000000a0100000|100%| O|  |TAMS 0x00000000a0100000, 0x00000000a0000000| Untracked 
|   1|0x00000000a0100000, 0x00000000a0200000, 0x00000000a0200000|100%| O|  |TAMS 0x00000000a0200000, 0x00000000a0100000| Untracked 
|   2|0x00000000a0200000, 0x00000000a0300000, 0x00000000a0300000|100%| O|  |TAMS 0x00000000a0300000, 0x00000000a0200000| Untracked 
|   3|0x00000000a0300000, 0x00000000a0400000, 0x00000000a0400000|100%|HS|  |TAMS 0x00000000a0400000, 0x00000000a0300000| Complete 
|   4|0x00000000a0400000, 0x00000000a0500000, 0x00000000a0500000|100%|HC|  |TAMS 0x00000000a0500000, 0x00000000a0400000| Complete 
|   5|0x00000000a0500000, 0x00000000a0600000, 0x00000000a0600000|100%|HC|  |TAMS 0x00000000a0600000, 0x00000000a0500000| Complete 
|   6|0x00000000a0600000, 0x00000000a0700000, 0x00000000a0700000|100%| O|  |TAMS 0x00000000a0700000, 0x00000000a0600000| Untracked 
|   7|0x00000000a0700000, 0x00000000a0800000, 0x00000000a0800000|100%| O|  |TAMS 0x00000000a0800000, 0x00000000a0700000| Untracked 
|   8|0x00000000a0800000, 0x00000000a0900000, 0x00000000a0900000|100%| O|  |TAMS 0x00000000a0900000, 0x00000000a0800000| Untracked 
|   9|0x00000000a0900000, 0x00000000a0a00000, 0x00000000a0a00000|100%| O|  |TAMS 0x00000000a0a00000, 0x00000000a0900000| Untracked 
|  10|0x00000000a0a00000, 0x00000000a0b00000, 0x00000000a0b00000|100%| O|  |TAMS 0x00000000a0b00000, 0x00000000a0a00000| Untracked 
|  11|0x00000000a0b00000, 0x00000000a0c00000, 0x00000000a0c00000|100%| O|  |TAMS 0x00000000a0c00000, 0x00000000a0b00000| Untracked 
|  12|0x00000000a0c00000, 0x00000000a0d00000, 0x00000000a0d00000|100%| O|  |TAMS 0x00000000a0d00000, 0x00000000a0c00000| Untracked 
|  13|0x00000000a0d00000, 0x00000000a0e00000, 0x00000000a0e00000|100%| O|  |TAMS 0x00000000a0e00000, 0x00000000a0d00000| Untracked 
|  14|0x00000000a0e00000, 0x00000000a0f00000, 0x00000000a0f00000|100%| O|  |TAMS 0x00000000a0f00000, 0x00000000a0e00000| Untracked 
|  15|0x00000000a0f00000, 0x00000000a1000000, 0x00000000a1000000|100%| O|  |TAMS 0x00000000a1000000, 0x00000000a0f00000| Untracked 
|  16|0x00000000a1000000, 0x00000000a1100000, 0x00000000a1100000|100%| O|  |TAMS 0x00000000a1100000, 0x00000000a1000000| Untracked 
|  17|0x00000000a1100000, 0x00000000a1200000, 0x00000000a1200000|100%| O|  |TAMS 0x00000000a1200000, 0x00000000a1100000| Untracked 
|  18|0x00000000a1200000, 0x00000000a1300000, 0x00000000a1300000|100%| O|  |TAMS 0x00000000a1300000, 0x00000000a1200000| Untracked 
|  19|0x00000000a1300000, 0x00000000a1400000, 0x00000000a1400000|100%| O|  |TAMS 0x00000000a1400000, 0x00000000a1300000| Untracked 
|  20|0x00000000a1400000, 0x00000000a1500000, 0x00000000a1500000|100%| O|  |TAMS 0x00000000a1500000, 0x00000000a1400000| Untracked 
|  21|0x00000000a1500000, 0x00000000a1600000, 0x00000000a1600000|100%| O|  |TAMS 0x00000000a1600000, 0x00000000a1500000| Untracked 
|  22|0x00000000a1600000, 0x00000000a1700000, 0x00000000a1700000|100%| O|  |TAMS 0x00000000a1700000, 0x00000000a1600000| Untracked 
|  23|0x00000000a1700000, 0x00000000a1800000, 0x00000000a1800000|100%| O|  |TAMS 0x00000000a1800000, 0x00000000a1700000| Untracked 
|  24|0x00000000a1800000, 0x00000000a1900000, 0x00000000a1900000|100%| O|  |TAMS 0x00000000a1900000, 0x00000000a1800000| Untracked 
|  25|0x00000000a1900000, 0x00000000a1a00000, 0x00000000a1a00000|100%| O|  |TAMS 0x00000000a1a00000, 0x00000000a1900000| Untracked 
|  26|0x00000000a1a00000, 0x00000000a1b00000, 0x00000000a1b00000|100%| O|  |TAMS 0x00000000a1b00000, 0x00000000a1a00000| Untracked 
|  27|0x00000000a1b00000, 0x00000000a1c00000, 0x00000000a1c00000|100%|HS|  |TAMS 0x00000000a1c00000, 0x00000000a1b00000| Complete 
|  28|0x00000000a1c00000, 0x00000000a1d00000, 0x00000000a1d00000|100%|HS|  |TAMS 0x00000000a1d00000, 0x00000000a1c00000| Complete 
|  29|0x00000000a1d00000, 0x00000000a1e00000, 0x00000000a1e00000|100%|HS|  |TAMS 0x00000000a1e00000, 0x00000000a1d00000| Complete 
|  30|0x00000000a1e00000, 0x00000000a1f00000, 0x00000000a1f00000|100%|HS|  |TAMS 0x00000000a1f00000, 0x00000000a1e00000| Complete 
|  31|0x00000000a1f00000, 0x00000000a2000000, 0x00000000a2000000|100%| O|  |TAMS 0x00000000a2000000, 0x00000000a1f00000| Untracked 
|  32|0x00000000a2000000, 0x00000000a2100000, 0x00000000a2100000|100%| O|  |TAMS 0x00000000a2100000, 0x00000000a2000000| Untracked 
|  33|0x00000000a2100000, 0x00000000a2200000, 0x00000000a2200000|100%| O|  |TAMS 0x00000000a2200000, 0x00000000a2100000| Untracked 
|  34|0x00000000a2200000, 0x00000000a2300000, 0x00000000a2300000|100%|HS|  |TAMS 0x00000000a2300000, 0x00000000a2200000| Complete 
|  35|0x00000000a2300000, 0x00000000a2400000, 0x00000000a2400000|100%|HC|  |TAMS 0x00000000a2400000, 0x00000000a2300000| Complete 
|  36|0x00000000a2400000, 0x00000000a2500000, 0x00000000a2500000|100%|HC|  |TAMS 0x00000000a2500000, 0x00000000a2400000| Complete 
|  37|0x00000000a2500000, 0x00000000a2600000, 0x00000000a2600000|100%|HS|  |TAMS 0x00000000a2600000, 0x00000000a2500000| Complete 
|  38|0x00000000a2600000, 0x00000000a2700000, 0x00000000a2700000|100%|HC|  |TAMS 0x00000000a2700000, 0x00000000a2600000| Complete 
|  39|0x00000000a2700000, 0x00000000a2800000, 0x00000000a2800000|100%| O|  |TAMS 0x00000000a2800000, 0x00000000a2700000| Untracked 
|  40|0x00000000a2800000, 0x00000000a2900000, 0x00000000a2900000|100%| O|  |TAMS 0x00000000a2900000, 0x00000000a2800000| Untracked 
|  41|0x00000000a2900000, 0x00000000a2a00000, 0x00000000a2a00000|100%| O|  |TAMS 0x00000000a2a00000, 0x00000000a2900000| Untracked 
|  42|0x00000000a2a00000, 0x00000000a2b00000, 0x00000000a2b00000|100%| O|  |TAMS 0x00000000a2b00000, 0x00000000a2a00000| Untracked 
|  43|0x00000000a2b00000, 0x00000000a2c00000, 0x00000000a2c00000|100%| O|  |TAMS 0x00000000a2c00000, 0x00000000a2b00000| Untracked 
|  44|0x00000000a2c00000, 0x00000000a2d00000, 0x00000000a2d00000|100%| O|  |TAMS 0x00000000a2d00000, 0x00000000a2c00000| Untracked 
|  45|0x00000000a2d00000, 0x00000000a2e00000, 0x00000000a2e00000|100%| O|  |TAMS 0x00000000a2e00000, 0x00000000a2d00000| Untracked 
|  46|0x00000000a2e00000, 0x00000000a2f00000, 0x00000000a2f00000|100%| O|  |TAMS 0x00000000a2f00000, 0x00000000a2e00000| Untracked 
|  47|0x00000000a2f00000, 0x00000000a3000000, 0x00000000a3000000|100%| O|  |TAMS 0x00000000a3000000, 0x00000000a2f00000| Untracked 
|  48|0x00000000a3000000, 0x00000000a3100000, 0x00000000a3100000|100%| O|  |TAMS 0x00000000a3100000, 0x00000000a3000000| Untracked 
|  49|0x00000000a3100000, 0x00000000a3200000, 0x00000000a3200000|100%| O|  |TAMS 0x00000000a3200000, 0x00000000a3100000| Untracked 
|  50|0x00000000a3200000, 0x00000000a3300000, 0x00000000a3300000|100%| O|  |TAMS 0x00000000a3300000, 0x00000000a3200000| Untracked 
|  51|0x00000000a3300000, 0x00000000a3400000, 0x00000000a3400000|100%|HS|  |TAMS 0x00000000a3400000, 0x00000000a3300000| Complete 
|  52|0x00000000a3400000, 0x00000000a3500000, 0x00000000a3500000|100%| O|  |TAMS 0x00000000a3500000, 0x00000000a3400000| Untracked 
|  53|0x00000000a3500000, 0x00000000a3600000, 0x00000000a3600000|100%| O|  |TAMS 0x00000000a3600000, 0x00000000a3500000| Untracked 
|  54|0x00000000a3600000, 0x00000000a3700000, 0x00000000a3700000|100%| O|  |TAMS 0x00000000a3700000, 0x00000000a3600000| Untracked 
|  55|0x00000000a3700000, 0x00000000a3800000, 0x00000000a3800000|100%| O|  |TAMS 0x00000000a3800000, 0x00000000a3700000| Untracked 
|  56|0x00000000a3800000, 0x00000000a3900000, 0x00000000a3900000|100%| O|  |TAMS 0x00000000a3900000, 0x00000000a3800000| Untracked 
|  57|0x00000000a3900000, 0x00000000a3a00000, 0x00000000a3a00000|100%| O|  |TAMS 0x00000000a3a00000, 0x00000000a3900000| Untracked 
|  58|0x00000000a3a00000, 0x00000000a3b00000, 0x00000000a3b00000|100%|HS|  |TAMS 0x00000000a3b00000, 0x00000000a3a00000| Complete 
|  59|0x00000000a3b00000, 0x00000000a3c00000, 0x00000000a3c00000|100%|HC|  |TAMS 0x00000000a3c00000, 0x00000000a3b00000| Complete 
|  60|0x00000000a3c00000, 0x00000000a3d00000, 0x00000000a3d00000|100%| O|  |TAMS 0x00000000a3d00000, 0x00000000a3c00000| Untracked 
|  61|0x00000000a3d00000, 0x00000000a3e00000, 0x00000000a3e00000|100%| O|  |TAMS 0x00000000a3e00000, 0x00000000a3d00000| Untracked 
|  62|0x00000000a3e00000, 0x00000000a3f00000, 0x00000000a3f00000|100%| O|  |TAMS 0x00000000a3f00000, 0x00000000a3e00000| Untracked 
|  63|0x00000000a3f00000, 0x00000000a4000000, 0x00000000a4000000|100%| O|  |TAMS 0x00000000a4000000, 0x00000000a3f00000| Untracked 
|  64|0x00000000a4000000, 0x00000000a4100000, 0x00000000a4100000|100%| O|  |TAMS 0x00000000a4100000, 0x00000000a4000000| Untracked 
|  65|0x00000000a4100000, 0x00000000a4200000, 0x00000000a4200000|100%| O|  |TAMS 0x00000000a4200000, 0x00000000a4100000| Untracked 
|  66|0x00000000a4200000, 0x00000000a4300000, 0x00000000a4300000|100%| O|  |TAMS 0x00000000a4300000, 0x00000000a4200000| Untracked 
|  67|0x00000000a4300000, 0x00000000a4400000, 0x00000000a4400000|100%| O|  |TAMS 0x00000000a4400000, 0x00000000a4300000| Untracked 
|  68|0x00000000a4400000, 0x00000000a4500000, 0x00000000a4500000|100%| O|  |TAMS 0x00000000a4500000, 0x00000000a4400000| Untracked 
|  69|0x00000000a4500000, 0x00000000a4600000, 0x00000000a4600000|100%| O|  |TAMS 0x00000000a4600000, 0x00000000a4500000| Untracked 
|  70|0x00000000a4600000, 0x00000000a4700000, 0x00000000a4700000|100%| O|  |TAMS 0x00000000a4700000, 0x00000000a4600000| Untracked 
|  71|0x00000000a4700000, 0x00000000a4800000, 0x00000000a4800000|100%| O|  |TAMS 0x00000000a4800000, 0x00000000a4700000| Untracked 
|  72|0x00000000a4800000, 0x00000000a4900000, 0x00000000a4900000|100%| O|  |TAMS 0x00000000a4900000, 0x00000000a4800000| Untracked 
|  73|0x00000000a4900000, 0x00000000a4a00000, 0x00000000a4a00000|100%| O|  |TAMS 0x00000000a4a00000, 0x00000000a4900000| Untracked 
|  74|0x00000000a4a00000, 0x00000000a4b00000, 0x00000000a4b00000|100%| O|  |TAMS 0x00000000a4b00000, 0x00000000a4a00000| Untracked 
|  75|0x00000000a4b00000, 0x00000000a4c00000, 0x00000000a4c00000|100%| O|  |TAMS 0x00000000a4c00000, 0x00000000a4b00000| Untracked 
|  76|0x00000000a4c00000, 0x00000000a4d00000, 0x00000000a4d00000|100%| O|  |TAMS 0x00000000a4d00000, 0x00000000a4c00000| Untracked 
|  77|0x00000000a4d00000, 0x00000000a4e00000, 0x00000000a4e00000|100%| O|  |TAMS 0x00000000a4e00000, 0x00000000a4d00000| Untracked 
|  78|0x00000000a4e00000, 0x00000000a4f00000, 0x00000000a4f00000|100%| O|  |TAMS 0x00000000a4f00000, 0x00000000a4e00000| Untracked 
|  79|0x00000000a4f00000, 0x00000000a5000000, 0x00000000a5000000|100%| O|  |TAMS 0x00000000a5000000, 0x00000000a4f00000| Untracked 
|  80|0x00000000a5000000, 0x00000000a5100000, 0x00000000a5100000|100%| O|  |TAMS 0x00000000a5100000, 0x00000000a5000000| Untracked 
|  81|0x00000000a5100000, 0x00000000a5200000, 0x00000000a5200000|100%|HS|  |TAMS 0x00000000a5200000, 0x00000000a5100000| Complete 
|  82|0x00000000a5200000, 0x00000000a5300000, 0x00000000a5300000|100%|HS|  |TAMS 0x00000000a5300000, 0x00000000a5200000| Complete 
|  83|0x00000000a5300000, 0x00000000a5400000, 0x00000000a5400000|100%| O|  |TAMS 0x00000000a5400000, 0x00000000a5300000| Untracked 
|  84|0x00000000a5400000, 0x00000000a5500000, 0x00000000a5500000|100%| O|  |TAMS 0x00000000a5500000, 0x00000000a5400000| Untracked 
|  85|0x00000000a5500000, 0x00000000a5600000, 0x00000000a5600000|100%| O|  |TAMS 0x00000000a5600000, 0x00000000a5500000| Untracked 
|  86|0x00000000a5600000, 0x00000000a5700000, 0x00000000a5700000|100%| O|  |TAMS 0x00000000a5700000, 0x00000000a5600000| Untracked 
|  87|0x00000000a5700000, 0x00000000a5800000, 0x00000000a5800000|100%| O|  |TAMS 0x00000000a5800000, 0x00000000a5700000| Untracked 
|  88|0x00000000a5800000, 0x00000000a5900000, 0x00000000a5900000|100%| O|  |TAMS 0x00000000a5900000, 0x00000000a5800000| Untracked 
|  89|0x00000000a5900000, 0x00000000a5a00000, 0x00000000a5a00000|100%| O|  |TAMS 0x00000000a5a00000, 0x00000000a5900000| Untracked 
|  90|0x00000000a5a00000, 0x00000000a5b00000, 0x00000000a5b00000|100%| O|  |TAMS 0x00000000a5b00000, 0x00000000a5a00000| Untracked 
|  91|0x00000000a5b00000, 0x00000000a5c00000, 0x00000000a5c00000|100%| O|  |TAMS 0x00000000a5c00000, 0x00000000a5b00000| Untracked 
|  92|0x00000000a5c00000, 0x00000000a5d00000, 0x00000000a5d00000|100%| O|  |TAMS 0x00000000a5d00000, 0x00000000a5c00000| Untracked 
|  93|0x00000000a5d00000, 0x00000000a5e00000, 0x00000000a5e00000|100%| O|  |TAMS 0x00000000a5e00000, 0x00000000a5d00000| Untracked 
|  94|0x00000000a5e00000, 0x00000000a5f00000, 0x00000000a5f00000|100%| O|  |TAMS 0x00000000a5f00000, 0x00000000a5e00000| Untracked 
|  95|0x00000000a5f00000, 0x00000000a6000000, 0x00000000a6000000|100%| O|  |TAMS 0x00000000a6000000, 0x00000000a5f00000| Untracked 
|  96|0x00000000a6000000, 0x00000000a6100000, 0x00000000a6100000|100%| O|  |TAMS 0x00000000a6100000, 0x00000000a6000000| Untracked 
|  97|0x00000000a6100000, 0x00000000a6200000, 0x00000000a6200000|100%| O|  |TAMS 0x00000000a6200000, 0x00000000a6100000| Untracked 
|  98|0x00000000a6200000, 0x00000000a6300000, 0x00000000a6300000|100%| O|  |TAMS 0x00000000a6300000, 0x00000000a6200000| Untracked 
|  99|0x00000000a6300000, 0x00000000a6400000, 0x00000000a6400000|100%| O|  |TAMS 0x00000000a6400000, 0x00000000a6300000| Untracked 
| 100|0x00000000a6400000, 0x00000000a6500000, 0x00000000a6500000|100%| O|  |TAMS 0x00000000a6500000, 0x00000000a6400000| Untracked 
| 101|0x00000000a6500000, 0x00000000a6600000, 0x00000000a6600000|100%| O|  |TAMS 0x00000000a6600000, 0x00000000a6500000| Untracked 
| 102|0x00000000a6600000, 0x00000000a6700000, 0x00000000a6700000|100%| O|  |TAMS 0x00000000a6700000, 0x00000000a6600000| Untracked 
| 103|0x00000000a6700000, 0x00000000a6800000, 0x00000000a6800000|100%| O|  |TAMS 0x00000000a6800000, 0x00000000a6700000| Untracked 
| 104|0x00000000a6800000, 0x00000000a6900000, 0x00000000a6900000|100%| O|  |TAMS 0x00000000a6900000, 0x00000000a6800000| Untracked 
| 105|0x00000000a6900000, 0x00000000a6a00000, 0x00000000a6a00000|100%| O|  |TAMS 0x00000000a6a00000, 0x00000000a6900000| Untracked 
| 106|0x00000000a6a00000, 0x00000000a6b00000, 0x00000000a6b00000|100%| O|  |TAMS 0x00000000a6b00000, 0x00000000a6a00000| Untracked 
| 107|0x00000000a6b00000, 0x00000000a6c00000, 0x00000000a6c00000|100%| O|  |TAMS 0x00000000a6c00000, 0x00000000a6b00000| Untracked 
| 108|0x00000000a6c00000, 0x00000000a6d00000, 0x00000000a6d00000|100%| O|  |TAMS 0x00000000a6d00000, 0x00000000a6c00000| Untracked 
| 109|0x00000000a6d00000, 0x00000000a6e00000, 0x00000000a6e00000|100%| O|  |TAMS 0x00000000a6e00000, 0x00000000a6d00000| Untracked 
| 110|0x00000000a6e00000, 0x00000000a6edf800, 0x00000000a6f00000| 87%| O|  |TAMS 0x00000000a6edf800, 0x00000000a6e00000| Untracked 
| 111|0x00000000a6f00000, 0x00000000a6f00000, 0x00000000a7000000|  0%| F|  |TAMS 0x00000000a6f00000, 0x00000000a6f00000| Untracked 
| 112|0x00000000a7000000, 0x00000000a7000000, 0x00000000a7100000|  0%| F|  |TAMS 0x00000000a7000000, 0x00000000a7000000| Untracked 
| 113|0x00000000a7100000, 0x00000000a7100000, 0x00000000a7200000|  0%| F|  |TAMS 0x00000000a7100000, 0x00000000a7100000| Untracked 
| 114|0x00000000a7200000, 0x00000000a7200000, 0x00000000a7300000|  0%| F|  |TAMS 0x00000000a7200000, 0x00000000a7200000| Untracked 
| 115|0x00000000a7300000, 0x00000000a7300000, 0x00000000a7400000|  0%| F|  |TAMS 0x00000000a7300000, 0x00000000a7300000| Untracked 
| 116|0x00000000a7400000, 0x00000000a7400000, 0x00000000a7500000|  0%| F|  |TAMS 0x00000000a7400000, 0x00000000a7400000| Untracked 
| 117|0x00000000a7500000, 0x00000000a7500000, 0x00000000a7600000|  0%| F|  |TAMS 0x00000000a7500000, 0x00000000a7500000| Untracked 
| 118|0x00000000a7600000, 0x00000000a7600000, 0x00000000a7700000|  0%| F|  |TAMS 0x00000000a7600000, 0x00000000a7600000| Untracked 
| 119|0x00000000a7700000, 0x00000000a7700000, 0x00000000a7800000|  0%| F|  |TAMS 0x00000000a7700000, 0x00000000a7700000| Untracked 
| 120|0x00000000a7800000, 0x00000000a7800000, 0x00000000a7900000|  0%| F|  |TAMS 0x00000000a7800000, 0x00000000a7800000| Untracked 
| 121|0x00000000a7900000, 0x00000000a7900000, 0x00000000a7a00000|  0%| F|  |TAMS 0x00000000a7900000, 0x00000000a7900000| Untracked 
| 122|0x00000000a7a00000, 0x00000000a7a00000, 0x00000000a7b00000|  0%| F|  |TAMS 0x00000000a7a00000, 0x00000000a7a00000| Untracked 
| 123|0x00000000a7b00000, 0x00000000a7b00000, 0x00000000a7c00000|  0%| F|  |TAMS 0x00000000a7b00000, 0x00000000a7b00000| Untracked 
| 124|0x00000000a7c00000, 0x00000000a7c00000, 0x00000000a7d00000|  0%| F|  |TAMS 0x00000000a7c00000, 0x00000000a7c00000| Untracked 
| 125|0x00000000a7d00000, 0x00000000a7d00000, 0x00000000a7e00000|  0%| F|  |TAMS 0x00000000a7d00000, 0x00000000a7d00000| Untracked 
| 126|0x00000000a7e00000, 0x00000000a7e00000, 0x00000000a7f00000|  0%| F|  |TAMS 0x00000000a7e00000, 0x00000000a7e00000| Untracked 
| 127|0x00000000a7f00000, 0x00000000a7f00000, 0x00000000a8000000|  0%| F|  |TAMS 0x00000000a7f00000, 0x00000000a7f00000| Untracked 
| 128|0x00000000a8000000, 0x00000000a8000000, 0x00000000a8100000|  0%| F|  |TAMS 0x00000000a8000000, 0x00000000a8000000| Untracked 
| 129|0x00000000a8100000, 0x00000000a8100000, 0x00000000a8200000|  0%| F|  |TAMS 0x00000000a8100000, 0x00000000a8100000| Untracked 
| 130|0x00000000a8200000, 0x00000000a8200000, 0x00000000a8300000|  0%| F|  |TAMS 0x00000000a8200000, 0x00000000a8200000| Untracked 
| 131|0x00000000a8300000, 0x00000000a8300000, 0x00000000a8400000|  0%| F|  |TAMS 0x00000000a8300000, 0x00000000a8300000| Untracked 
| 132|0x00000000a8400000, 0x00000000a8400000, 0x00000000a8500000|  0%| F|  |TAMS 0x00000000a8400000, 0x00000000a8400000| Untracked 
| 133|0x00000000a8500000, 0x00000000a8535480, 0x00000000a8600000| 20%| S|CS|TAMS 0x00000000a8500000, 0x00000000a8500000| Complete 
| 134|0x00000000a8600000, 0x00000000a8700000, 0x00000000a8700000|100%| S|CS|TAMS 0x00000000a8600000, 0x00000000a8600000| Complete 
| 135|0x00000000a8700000, 0x00000000a8700000, 0x00000000a8800000|  0%| F|  |TAMS 0x00000000a8700000, 0x00000000a8700000| Untracked 
| 136|0x00000000a8800000, 0x00000000a88cd350, 0x00000000a8900000| 80%| E|  |TAMS 0x00000000a8800000, 0x00000000a8800000| Complete 
| 137|0x00000000a8900000, 0x00000000a8a00000, 0x00000000a8a00000|100%| E|CS|TAMS 0x00000000a8900000, 0x00000000a8900000| Complete 
| 138|0x00000000a8a00000, 0x00000000a8b00000, 0x00000000a8b00000|100%| E|CS|TAMS 0x00000000a8a00000, 0x00000000a8a00000| Complete 
| 139|0x00000000a8b00000, 0x00000000a8c00000, 0x00000000a8c00000|100%| E|CS|TAMS 0x00000000a8b00000, 0x00000000a8b00000| Complete 
| 140|0x00000000a8c00000, 0x00000000a8d00000, 0x00000000a8d00000|100%| E|CS|TAMS 0x00000000a8c00000, 0x00000000a8c00000| Complete 
| 141|0x00000000a8d00000, 0x00000000a8e00000, 0x00000000a8e00000|100%| E|CS|TAMS 0x00000000a8d00000, 0x00000000a8d00000| Complete 
| 142|0x00000000a8e00000, 0x00000000a8f00000, 0x00000000a8f00000|100%| E|CS|TAMS 0x00000000a8e00000, 0x00000000a8e00000| Complete 
| 143|0x00000000a8f00000, 0x00000000a9000000, 0x00000000a9000000|100%| E|CS|TAMS 0x00000000a8f00000, 0x00000000a8f00000| Complete 
| 144|0x00000000a9000000, 0x00000000a9100000, 0x00000000a9100000|100%| E|CS|TAMS 0x00000000a9000000, 0x00000000a9000000| Complete 
| 145|0x00000000a9100000, 0x00000000a9200000, 0x00000000a9200000|100%| E|CS|TAMS 0x00000000a9100000, 0x00000000a9100000| Complete 
| 146|0x00000000a9200000, 0x00000000a9300000, 0x00000000a9300000|100%| E|CS|TAMS 0x00000000a9200000, 0x00000000a9200000| Complete 
| 147|0x00000000a9300000, 0x00000000a9400000, 0x00000000a9400000|100%| E|CS|TAMS 0x00000000a9300000, 0x00000000a9300000| Complete 
| 148|0x00000000a9400000, 0x00000000a9500000, 0x00000000a9500000|100%| E|CS|TAMS 0x00000000a9400000, 0x00000000a9400000| Complete 
| 149|0x00000000a9500000, 0x00000000a9600000, 0x00000000a9600000|100%| E|CS|TAMS 0x00000000a9500000, 0x00000000a9500000| Complete 
| 150|0x00000000a9600000, 0x00000000a9700000, 0x00000000a9700000|100%| E|CS|TAMS 0x00000000a9600000, 0x00000000a9600000| Complete 
| 151|0x00000000a9700000, 0x00000000a9800000, 0x00000000a9800000|100%| E|CS|TAMS 0x00000000a9700000, 0x00000000a9700000| Complete 

Card table byte_map: [0x0000028efd1d0000,0x0000028efd4d0000] _byte_map_base: 0x0000028efccd0000

Marking Bits (Prev, Next): (CMBitMap*) 0x0000028ee9e9b5f8, (CMBitMap*) 0x0000028ee9e9b630
 Prev Bits: [0x0000028efd7d0000, 0x0000028efefd0000)
 Next Bits: [0x0000028e80000000, 0x0000028e81800000)

Polling page: 0x0000028ee7e40000

Metaspace:

Usage:
  Non-class:     78.09 MB capacity,    76.14 MB ( 98%) used,     1.69 MB (  2%) free+waste,   266.00 KB ( <1%) overhead. 
      Class:     12.70 MB capacity,    11.63 MB ( 92%) used,   975.55 KB (  7%) free+waste,   124.25 KB ( <1%) overhead. 
       Both:     90.80 MB capacity,    87.77 MB ( 97%) used,     2.64 MB (  3%) free+waste,   390.25 KB ( <1%) overhead. 

Virtual space:
  Non-class space:       80.00 MB reserved,      78.12 MB ( 98%) committed 
      Class space:        1.00 GB reserved,      12.75 MB (  1%) committed 
             Both:        1.08 GB reserved,      90.87 MB (  8%) committed 

Chunk freelists:
   Non-Class:  29.00 KB
       Class:  15.00 KB
        Both:  44.00 KB

MaxMetaspaceSize: 17179869184.00 GB
CompressedClassSpaceSize: 1.00 GB
Initial GC threshold: 20.80 MB
Current GC threshold: 151.04 MB
CDS: off

CodeHeap 'non-profiled nmethods': size=120000Kb used=5216Kb max_used=5216Kb free=114783Kb
 bounds [0x0000028ef5440000, 0x0000028ef5960000, 0x0000028efc970000]
CodeHeap 'profiled nmethods': size=120000Kb used=21545Kb max_used=21545Kb free=98454Kb
 bounds [0x0000028eedf10000, 0x0000028eef420000, 0x0000028ef5440000]
CodeHeap 'non-nmethods': size=5760Kb used=2378Kb max_used=2429Kb free=3381Kb
 bounds [0x0000028eed970000, 0x0000028eedbe0000, 0x0000028eedf10000]
 total_blobs=11430 nmethods=10541 adapters=800
 compilation: enabled
              stopped_count=0, restarted_count=0
 full_count=0

Compilation events (20 events):
Event: 32.085 Thread 0x0000028effc77800 nmethod 10720 0x0000028eef411e10 code [0x0000028eef412340, 0x0000028eef414c48]
Event: 33.431 Thread 0x0000028effc77800 10723       3       java.nio.channels.spi.AbstractInterruptibleChannel::isOpen (13 bytes)
Event: 33.431 Thread 0x0000028effc77800 nmethod 10723 0x0000028eef415d90 code [0x0000028eef415f40, 0x0000028eef416098]
Event: 38.075 Thread 0x0000028e84052000 10724       4       java.util.ComparableTimSort::binarySort (223 bytes)
Event: 38.083 Thread 0x0000028e84052000 nmethod 10724 0x0000028ef5957490 code [0x0000028ef5957640, 0x0000028ef5957e68]
Event: 39.076 Thread 0x0000028effc77800 10725       3       java.util.HashMap$ValueSpliterator::characteristics (28 bytes)
Event: 39.076 Thread 0x0000028effc77800 nmethod 10725 0x0000028eef416110 code [0x0000028eef4162c0, 0x0000028eef416478]
Event: 39.776 Thread 0x0000028e84052000 10726       4       java.util.jar.JarFile::maybeInstantiateVerifier (112 bytes)
Event: 39.778 Thread 0x0000028effc77800 10729   !   3       java.io.PrintStream::write (83 bytes)
Event: 39.779 Thread 0x0000028effc77800 nmethod 10729 0x0000028eef416510 code [0x0000028eef4167c0, 0x0000028eef417558]
Event: 39.779 Thread 0x0000028effc77800 10730       3       org.gradle.internal.io.LineBufferingOutputStream::write (59 bytes)
Event: 39.780 Thread 0x0000028effc77800 nmethod 10730 0x0000028eef417b90 code [0x0000028eef417e60, 0x0000028eef418c38]
Event: 39.780 Thread 0x0000028effc77800 10731       3       org.gradle.internal.io.StreamByteBuffer$StreamByteBufferOutputStream::write (22 bytes)
Event: 39.780 Thread 0x0000028effc77800 nmethod 10731 0x0000028eef419190 code [0x0000028eef419360, 0x0000028eef4195e8]
Event: 39.780 Thread 0x0000028effc77800 10733       3       org.gradle.internal.io.StreamByteBuffer$StreamByteBufferChunk::write (32 bytes)
Event: 39.781 Thread 0x0000028effc77800 nmethod 10733 0x0000028eef419790 code [0x0000028eef419940, 0x0000028eef419ad8]
Event: 39.781 Thread 0x0000028effc77800 10734       3       org.gradle.internal.io.LineBufferingOutputStream::endsWithLineSeparator (27 bytes)
Event: 39.781 Thread 0x0000028effc77800 nmethod 10734 0x0000028eef419b90 code [0x0000028eef419d40, 0x0000028eef419ed8]
Event: 39.781 Thread 0x0000028effc77800 10732       3       java.nio.ByteBuffer::allocate (19 bytes)
Event: 39.781 Thread 0x0000028effc77800 nmethod 10732 0x0000028eef419f90 code [0x0000028eef41a160, 0x0000028eef41a478]

GC Heap History (20 events):
Event: 17.680 GC heap before
{Heap before GC invocations=35 (full 0):
 garbage-first heap   total 155648K, used 115216K [0x00000000a0000000, 0x0000000100000000)
  region size 1024K, 24 young (24576K), 2 survivors (2048K)
 Metaspace       used 78769K, capacity 81300K, committed 81532K, reserved 1120256K
  class space    used 10313K, capacity 11246K, committed 11264K, reserved 1048576K
}
Event: 17.686 GC heap after
{Heap after GC invocations=36 (full 0):
 garbage-first heap   total 155648K, used 96335K [0x00000000a0000000, 0x0000000100000000)
  region size 1024K, 3 young (3072K), 3 survivors (3072K)
 Metaspace       used 78769K, capacity 81300K, committed 81532K, reserved 1120256K
  class space    used 10313K, capacity 11246K, committed 11264K, reserved 1048576K
}
Event: 18.180 GC heap before
{Heap before GC invocations=36 (full 0):
 garbage-first heap   total 155648K, used 117839K [0x00000000a0000000, 0x0000000100000000)
  region size 1024K, 24 young (24576K), 3 survivors (3072K)
 Metaspace       used 80416K, capacity 82964K, committed 83068K, reserved 1120256K
  class space    used 10544K, capacity 11451K, committed 11520K, reserved 1048576K
}
Event: 18.193 GC heap after
{Heap after GC invocations=37 (full 0):
 garbage-first heap   total 155648K, used 98487K [0x00000000a0000000, 0x0000000100000000)
  region size 1024K, 2 young (2048K), 2 survivors (2048K)
 Metaspace       used 80416K, capacity 82964K, committed 83068K, reserved 1120256K
  class space    used 10544K, capacity 11451K, committed 11520K, reserved 1048576K
}
Event: 18.627 GC heap before
{Heap before GC invocations=38 (full 0):
 garbage-first heap   total 155648K, used 119991K [0x00000000a0000000, 0x0000000100000000)
  region size 1024K, 23 young (23552K), 2 survivors (2048K)
 Metaspace       used 82482K, capacity 85122K, committed 85244K, reserved 1122304K
  class space    used 10882K, capacity 11820K, committed 11904K, reserved 1048576K
}
Event: 18.631 GC heap after
{Heap after GC invocations=39 (full 0):
 garbage-first heap   total 155648K, used 99617K [0x00000000a0000000, 0x0000000100000000)
  region size 1024K, 1 young (1024K), 1 survivors (1024K)
 Metaspace       used 82482K, capacity 85122K, committed 85244K, reserved 1122304K
  class space    used 10882K, capacity 11820K, committed 11904K, reserved 1048576K
}
Event: 19.333 GC heap before
{Heap before GC invocations=39 (full 0):
 garbage-first heap   total 155648K, used 122145K [0x00000000a0000000, 0x0000000100000000)
  region size 1024K, 23 young (23552K), 1 survivors (1024K)
 Metaspace       used 85305K, capacity 88012K, committed 88060K, reserved 1126400K
  class space    used 11222K, capacity 12158K, committed 12160K, reserved 1048576K
}
Event: 19.340 GC heap after
{Heap after GC invocations=40 (full 0):
 garbage-first heap   total 155648K, used 100945K [0x00000000a0000000, 0x0000000100000000)
  region size 1024K, 3 young (3072K), 3 survivors (3072K)
 Metaspace       used 85305K, capacity 88012K, committed 88060K, reserved 1126400K
  class space    used 11222K, capacity 12158K, committed 12160K, reserved 1048576K
}
Event: 19.687 GC heap before
{Heap before GC invocations=41 (full 0):
 garbage-first heap   total 155648K, used 123473K [0x00000000a0000000, 0x0000000100000000)
  region size 1024K, 25 young (25600K), 3 survivors (3072K)
 Metaspace       used 86632K, capacity 89412K, committed 89596K, reserved 1126400K
  class space    used 11378K, capacity 12338K, committed 12416K, reserved 1048576K
}
Event: 19.692 GC heap after
{Heap after GC invocations=42 (full 0):
 garbage-first heap   total 155648K, used 103398K [0x00000000a0000000, 0x0000000100000000)
  region size 1024K, 4 young (4096K), 4 survivors (4096K)
 Metaspace       used 86632K, capacity 89412K, committed 89596K, reserved 1126400K
  class space    used 11378K, capacity 12338K, committed 12416K, reserved 1048576K
}
Event: 20.218 GC heap before
{Heap before GC invocations=42 (full 0):
 garbage-first heap   total 155648K, used 124902K [0x00000000a0000000, 0x0000000100000000)
  region size 1024K, 26 young (26624K), 4 survivors (4096K)
 Metaspace       used 87198K, capacity 89965K, committed 90108K, reserved 1126400K
  class space    used 11433K, capacity 12371K, committed 12416K, reserved 1048576K
}
Event: 20.226 GC heap after
{Heap after GC invocations=43 (full 0):
 garbage-first heap   total 155648K, used 108183K [0x00000000a0000000, 0x0000000100000000)
  region size 1024K, 4 young (4096K), 4 survivors (4096K)
 Metaspace       used 87198K, capacity 89965K, committed 90108K, reserved 1126400K
  class space    used 11433K, capacity 12371K, committed 12416K, reserved 1048576K
}
Event: 20.574 GC heap before
{Heap before GC invocations=44 (full 0):
 garbage-first heap   total 155648K, used 128663K [0x00000000a0000000, 0x0000000100000000)
  region size 1024K, 24 young (24576K), 4 survivors (4096K)
 Metaspace       used 88161K, capacity 91102K, committed 91388K, reserved 1128448K
  class space    used 11575K, capacity 12573K, committed 12672K, reserved 1048576K
}
Event: 20.579 GC heap after
{Heap after GC invocations=45 (full 0):
 garbage-first heap   total 155648K, used 110854K [0x00000000a0000000, 0x0000000100000000)
  region size 1024K, 3 young (3072K), 3 survivors (3072K)
 Metaspace       used 88161K, capacity 91102K, committed 91388K, reserved 1128448K
  class space    used 11575K, capacity 12573K, committed 12672K, reserved 1048576K
}
Event: 20.890 GC heap before
{Heap before GC invocations=45 (full 0):
 garbage-first heap   total 155648K, used 122118K [0x00000000a0000000, 0x0000000100000000)
  region size 1024K, 16 young (16384K), 3 survivors (3072K)
 Metaspace       used 88944K, capacity 91986K, committed 92028K, reserved 1128448K
  class space    used 11739K, capacity 12785K, committed 12800K, reserved 1048576K
}
Event: 20.893 GC heap after
{Heap after GC invocations=46 (full 0):
 garbage-first heap   total 155648K, used 112004K [0x00000000a0000000, 0x0000000100000000)
  region size 1024K, 1 young (1024K), 1 survivors (1024K)
 Metaspace       used 88944K, capacity 91986K, committed 92028K, reserved 1128448K
  class space    used 11739K, capacity 12785K, committed 12800K, reserved 1048576K
}
Event: 21.201 GC heap before
{Heap before GC invocations=47 (full 0):
 garbage-first heap   total 155648K, used 132484K [0x00000000a0000000, 0x0000000100000000)
  region size 1024K, 20 young (20480K), 1 survivors (1024K)
 Metaspace       used 89114K, capacity 92192K, committed 92412K, reserved 1128448K
  class space    used 11772K, capacity 12832K, committed 12928K, reserved 1048576K
}
Event: 21.204 GC heap after
{Heap after GC invocations=48 (full 0):
 garbage-first heap   total 155648K, used 113597K [0x00000000a0000000, 0x0000000100000000)
  region size 1024K, 3 young (3072K), 3 survivors (3072K)
 Metaspace       used 89114K, capacity 92192K, committed 92412K, reserved 1128448K
  class space    used 11772K, capacity 12832K, committed 12928K, reserved 1048576K
}
Event: 21.430 GC heap before
{Heap before GC invocations=48 (full 0):
 garbage-first heap   total 155648K, used 129981K [0x00000000a0000000, 0x0000000100000000)
  region size 1024K, 20 young (20480K), 3 survivors (3072K)
 Metaspace       used 89183K, capacity 92213K, committed 92412K, reserved 1128448K
  class space    used 11782K, capacity 12838K, committed 12928K, reserved 1048576K
}
Event: 21.436 GC heap after
{Heap after GC invocations=49 (full 0):
 garbage-first heap   total 155648K, used 114771K [0x00000000a0000000, 0x0000000100000000)
  region size 1024K, 2 young (2048K), 2 survivors (2048K)
 Metaspace       used 89183K, capacity 92213K, committed 92412K, reserved 1128448K
  class space    used 11782K, capacity 12838K, committed 12928K, reserved 1048576K
}

Deoptimization events (20 events):
Event: 21.276 Thread 0x0000028e845ea800 Uncommon trap: trap_request=0xffffff4d fr.pc=0x0000028ef56e4360 relative=0x00000000000001a0
Event: 21.276 Thread 0x0000028e845ea800 Uncommon trap: reason=unstable_if action=reinterpret pc=0x0000028ef56e4360 method=org.gradle.internal.snapshot.PathUtil.equalChars(CCLorg/gradle/internal/snapshot/CaseSensitivity;)Z @ 11 c2
Event: 21.276 Thread 0x0000028e845ea800 DEOPT PACKING pc=0x0000028ef56e4360 sp=0x0000009d76bfb920
Event: 21.276 Thread 0x0000028e845ea800 DEOPT UNPACKING pc=0x0000028eed9ba1af sp=0x0000009d76bfb8b8 mode 2
Event: 21.471 Thread 0x0000028e845ea800 Uncommon trap: trap_request=0xffffffc6 fr.pc=0x0000028ef5877388 relative=0x0000000000000128
Event: 21.471 Thread 0x0000028e845ea800 Uncommon trap: reason=bimorphic_or_optimized_type_check action=maybe_recompile pc=0x0000028ef5877388 method=com.google.common.collect.ImmutableList$1.get(I)Ljava/lang/Object; @ 5 c2
Event: 21.471 Thread 0x0000028e845ea800 DEOPT PACKING pc=0x0000028ef5877388 sp=0x0000009d76bfcf20
Event: 21.471 Thread 0x0000028e845ea800 DEOPT UNPACKING pc=0x0000028eed9ba1af sp=0x0000009d76bfcea8 mode 2
Event: 21.471 Thread 0x0000028e845ea800 Uncommon trap: trap_request=0xffffffc6 fr.pc=0x0000028ef5877388 relative=0x0000000000000128
Event: 21.471 Thread 0x0000028e845ea800 Uncommon trap: reason=bimorphic_or_optimized_type_check action=maybe_recompile pc=0x0000028ef5877388 method=com.google.common.collect.ImmutableList$1.get(I)Ljava/lang/Object; @ 5 c2
Event: 21.471 Thread 0x0000028e845ea800 DEOPT PACKING pc=0x0000028ef5877388 sp=0x0000009d76bfcf20
Event: 21.471 Thread 0x0000028e845ea800 DEOPT UNPACKING pc=0x0000028eed9ba1af sp=0x0000009d76bfcea8 mode 2
Event: 21.500 Thread 0x0000028e845ea800 Uncommon trap: trap_request=0xffffff4d fr.pc=0x0000028ef5931f64 relative=0x0000000000000b84
Event: 21.500 Thread 0x0000028e845ea800 Uncommon trap: reason=unstable_if action=reinterpret pc=0x0000028ef5931f64 method=org.gradle.internal.snapshot.VfsRelativePath.compareToFirstSegment(Ljava/lang/String;Lorg/gradle/internal/snapshot/CaseSensitivity;)I @ 134 c2
Event: 21.500 Thread 0x0000028e845ea800 DEOPT PACKING pc=0x0000028ef5931f64 sp=0x0000009d76bfa840
Event: 21.500 Thread 0x0000028e845ea800 DEOPT UNPACKING pc=0x0000028eed9ba1af sp=0x0000009d76bfa7c0 mode 2
Event: 21.584 Thread 0x0000028e845f3800 Uncommon trap: trap_request=0xffffff4d fr.pc=0x0000028ef54770f4 relative=0x0000000000000434
Event: 21.584 Thread 0x0000028e845f3800 Uncommon trap: reason=unstable_if action=reinterpret pc=0x0000028ef54770f4 method=java.lang.AbstractStringBuilder.putStringAt(ILjava/lang/String;)V @ 8 c2
Event: 21.584 Thread 0x0000028e845f3800 DEOPT PACKING pc=0x0000028ef54770f4 sp=0x0000009d772fec60
Event: 21.584 Thread 0x0000028e845f3800 DEOPT UNPACKING pc=0x0000028eed9ba1af sp=0x0000009d772feb78 mode 2

Classes redefined (0 events):
No events

Internal exceptions (20 events):
Event: 21.547 Thread 0x0000028e845ea800 Exception <a 'java/lang/ClassNotFoundException'{0x00000000a8c05b68}: org/gradle/process/internal/DefaultExecActionBeanInfo> (0x00000000a8c05b68) thrown at [./src/hotspot/share/classfile/systemDictionary.cpp, line 231]
Event: 21.548 Thread 0x0000028e845ea800 Exception <a 'java/lang/ClassNotFoundException'{0x00000000a8c37418}: org/gradle/process/internal/DefaultExecHandleBuilderBeanInfo> (0x00000000a8c37418) thrown at [./src/hotspot/share/classfile/systemDictionary.cpp, line 231]
Event: 21.549 Thread 0x0000028e845ea800 Exception <a 'java/lang/ClassNotFoundException'{0x00000000a8c69358}: org/gradle/process/internal/AbstractExecHandleBuilderBeanInfo> (0x00000000a8c69358) thrown at [./src/hotspot/share/classfile/systemDictionary.cpp, line 231]
Event: 21.550 Thread 0x0000028e845ea800 Exception <a 'java/lang/ClassNotFoundException'{0x00000000a8c9bcd8}: org/gradle/process/internal/DefaultProcessForkOptionsBeanInfo> (0x00000000a8c9bcd8) thrown at [./src/hotspot/share/classfile/systemDictionary.cpp, line 231]
Event: 21.551 Thread 0x0000028e845ea800 Exception <a 'java/lang/ClassNotFoundException'{0x00000000a8cce778}: org/gradle/process/internal/DefaultProcessForkOptionsCustomizer> (0x00000000a8cce778) thrown at [./src/hotspot/share/classfile/systemDictionary.cpp, line 231]
Event: 21.556 Thread 0x0000028e845ea800 Exception <a 'java/lang/ClassNotFoundException'{0x00000000a8b0e320}: org/gradle/process/internal/AbstractExecHandleBuilderCustomizer> (0x00000000a8b0e320) thrown at [./src/hotspot/share/classfile/systemDictionary.cpp, line 231]
Event: 21.557 Thread 0x0000028e845ea800 Exception <a 'java/lang/ClassNotFoundException'{0x00000000a8b51e50}: org/gradle/process/internal/DefaultExecHandleBuilderCustomizer> (0x00000000a8b51e50) thrown at [./src/hotspot/share/classfile/systemDictionary.cpp, line 231]
Event: 21.559 Thread 0x0000028e845ea800 Exception <a 'java/lang/ClassNotFoundException'{0x00000000a8bada00}: org/gradle/process/internal/DefaultExecActionCustomizer> (0x00000000a8bada00) thrown at [./src/hotspot/share/classfile/systemDictionary.cpp, line 231]
Event: 21.560 Thread 0x0000028e845ea800 Exception <a 'java/lang/ClassNotFoundException'{0x00000000a8be89e8}: org/gradle/process/internal/DefaultExecAction_DecoratedCustomizer> (0x00000000a8be89e8) thrown at [./src/hotspot/share/classfile/systemDictionary.cpp, line 231]
Event: 21.565 Thread 0x0000028e845ea800 Exception <a 'java/lang/ClassNotFoundException'{0x00000000a8a41090}: org/gradle/api/logging/LogLevelBeanInfo> (0x00000000a8a41090) thrown at [./src/hotspot/share/classfile/systemDictionary.cpp, line 231]
Event: 21.566 Thread 0x0000028e845ea800 Exception <a 'java/lang/ClassNotFoundException'{0x00000000a8a6a638}: org/gradle/api/logging/LogLevelCustomizer> (0x00000000a8a6a638) thrown at [./src/hotspot/share/classfile/systemDictionary.cpp, line 231]
Event: 21.571 Thread 0x0000028e845ea800 Exception <a 'java/lang/ClassNotFoundException'{0x00000000a8ad9e98}: org/gradle/internal/logging/services/DefaultLoggingManagerBeanInfo> (0x00000000a8ad9e98) thrown at [./src/hotspot/share/classfile/systemDictionary.cpp, line 231]
Event: 21.572 Thread 0x0000028e845ea800 Exception <a 'java/lang/ClassNotFoundException'{0x00000000a890d350}: org/gradle/internal/logging/services/DefaultLoggingManagerCustomizer> (0x00000000a890d350) thrown at [./src/hotspot/share/classfile/systemDictionary.cpp, line 231]
Event: 21.574 Thread 0x0000028e845ea800 Exception <a 'java/lang/ClassNotFoundException'{0x00000000a8947218}: java/lang/BooleanBeanInfo> (0x00000000a8947218) thrown at [./src/hotspot/share/classfile/systemDictionary.cpp, line 231]
Event: 21.574 Thread 0x0000028e845ea800 Exception <a 'java/lang/ClassNotFoundException'{0x00000000a8950cb8}: java/lang/BooleanCustomizer> (0x00000000a8950cb8) thrown at [./src/hotspot/share/classfile/systemDictionary.cpp, line 231]
Event: 21.624 Thread 0x0000028e845f3800 Exception <a 'java/lang/NoSuchMethodError'{0x00000000a89c6588}: 'void java.lang.invoke.DirectMethodHandle$Holder.invokeStatic(java.lang.Object, long)'> (0x00000000a89c6588) thrown at [./src/hotspot/share/interpreter/linkResolver.cpp, line 773]
Event: 21.625 Thread 0x0000028e845f3800 Exception <a 'java/lang/NoSuchMethodError'{0x00000000a89cb4f8}: 'java.lang.Object java.lang.invoke.DirectMethodHandle$Holder.invokeStatic(java.lang.Object, long)'> (0x00000000a89cb4f8) thrown at [./src/hotspot/share/interpreter/linkResolver.cpp, line 773]
Event: 21.626 Thread 0x0000028e845f3800 Exception <a 'java/lang/NoSuchMethodError'{0x00000000a89d9a18}: 'java.lang.Object java.lang.invoke.DirectMethodHandle$Holder.invokeStaticInit(java.lang.Object, java.lang.Object, long, java.lang.Object)'> (0x00000000a89d9a18) thrown at [./src/hotspot/share/interpreter/linkResolver.cpp, line 773]
Event: 21.627 Thread 0x0000028e845f3800 Exception <a 'java/lang/NoSuchMethodError'{0x00000000a89df908}: 'java.lang.Object java.lang.invoke.DirectMethodHandle$Holder.invokeStatic(java.lang.Object, java.lang.Object, long)'> (0x00000000a89df908) thrown at [./src/hotspot/share/interpreter/linkResolver.cpp, line 773]
Event: 21.627 Thread 0x0000028e845f3800 Exception <a 'java/lang/NoSuchMethodError'{0x00000000a8803350}: 'java.lang.Object java.lang.invoke.Invokers$Holder.linkToTargetMethod(java.lang.Object, long, java.lang.Object)'> (0x00000000a8803350) thrown at [./src/hotspot/share/interpreter/linkResolver.cpp, line 773]

Events (20 events):
Event: 21.627 loading class java/lang/ProcessImpl$2
Event: 21.628 loading class java/lang/ProcessImpl$2 done
Event: 21.628 loading class java/lang/Process$PipeInputStream
Event: 21.628 loading class java/lang/Process$PipeInputStream done
Event: 21.628 Executing VM operation: Deoptimize
Event: 21.629 Executing VM operation: Deoptimize done
Event: 21.629 loading class org/gradle/process/internal/streams/ExecOutputHandleRunner
Event: 21.629 loading class org/gradle/process/internal/streams/ExecOutputHandleRunner done
Event: 21.631 Thread 0x0000028e845f2000 Thread added: 0x0000028e845f2000
Event: 21.631 Thread 0x0000028e845f6000 Thread added: 0x0000028e845f6000
Event: 39.774 loading class org/gradle/internal/logging/events/StyledTextOutputEvent$Span
Event: 39.774 loading class org/gradle/internal/logging/events/StyledTextOutputEvent$Span done
Event: 39.775 loading class org/gradle/internal/logging/events/operations/StyledTextBuildOperationProgressDetails$Span
Event: 39.775 loading class org/gradle/internal/logging/events/operations/StyledTextBuildOperationProgressDetails$Span done
Event: 39.775 loading class org/gradle/internal/operations/logging/StyledTextBuildOperationProgressDetails$Span
Event: 39.775 loading class org/gradle/internal/operations/logging/StyledTextBuildOperationProgressDetails$Span done
Event: 39.776 Executing VM operation: RevokeBias
Event: 39.776 Executing VM operation: RevokeBias done
Event: 39.776 Executing VM operation: RevokeBias
Event: 39.776 Executing VM operation: RevokeBias done


Dynamic libraries:
0x00007ff7090d0000 - 0x00007ff7090da000 	C:\Program Files\Android\Android Studio\jre\bin\java.exe
0x00007ffef3030000 - 0x00007ffef3228000 	C:\WINDOWS\SYSTEM32\ntdll.dll
0x00007ffef1bb0000 - 0x00007ffef1c6d000 	C:\WINDOWS\System32\KERNEL32.DLL
0x00007ffef0ab0000 - 0x00007ffef0d7e000 	C:\WINDOWS\System32\KERNELBASE.dll
0x00007ffef0750000 - 0x00007ffef0850000 	C:\WINDOWS\System32\ucrtbase.dll
0x00007ffee0650000 - 0x00007ffee0667000 	C:\Program Files\Android\Android Studio\jre\bin\VCRUNTIME140.dll
0x00007ffee3c90000 - 0x00007ffee3ca9000 	C:\Program Files\Android\Android Studio\jre\bin\jli.dll
0x00007ffef1d20000 - 0x00007ffef1ec0000 	C:\WINDOWS\System32\USER32.dll
0x00007ffef0d80000 - 0x00007ffef0da2000 	C:\WINDOWS\System32\win32u.dll
0x00007ffeefb60000 - 0x00007ffeefdfa000 	C:\WINDOWS\WinSxS\amd64_microsoft.windows.common-controls_6595b64144ccf1df_6.0.19041.1110_none_60b5254171f9507e\COMCTL32.dll
0x00007ffef23d0000 - 0x00007ffef23fa000 	C:\WINDOWS\System32\GDI32.dll
0x00007ffef2400000 - 0x00007ffef249e000 	C:\WINDOWS\System32\msvcrt.dll
0x00007ffef0f30000 - 0x00007ffef103b000 	C:\WINDOWS\System32\gdi32full.dll
0x00007ffef0de0000 - 0x00007ffef0e7d000 	C:\WINDOWS\System32\msvcp_win.dll
0x00007ffef2d40000 - 0x00007ffef2d70000 	C:\WINDOWS\System32\IMM32.DLL
0x00007ffebbc40000 - 0x00007ffebbcdd000 	C:\Program Files\Android\Android Studio\jre\bin\msvcp140.dll
0x00007ffe85a00000 - 0x00007ffe864e5000 	C:\Program Files\Android\Android Studio\jre\bin\server\jvm.dll
0x00007ffef1a30000 - 0x00007ffef1ade000 	C:\WINDOWS\System32\ADVAPI32.dll
0x00007ffef1990000 - 0x00007ffef1a2c000 	C:\WINDOWS\System32\sechost.dll
0x00007ffef2290000 - 0x00007ffef23b5000 	C:\WINDOWS\System32\RPCRT4.dll
0x00007ffef21b0000 - 0x00007ffef21b8000 	C:\WINDOWS\System32\PSAPI.DLL
0x00007ffeeea00000 - 0x00007ffeeea09000 	C:\WINDOWS\SYSTEM32\WSOCK32.dll
0x00007ffeed320000 - 0x00007ffeed32a000 	C:\WINDOWS\SYSTEM32\VERSION.dll
0x00007ffee3b30000 - 0x00007ffee3b57000 	C:\WINDOWS\SYSTEM32\WINMM.dll
0x00007ffef24a0000 - 0x00007ffef250b000 	C:\WINDOWS\System32\WS2_32.dll
0x00007ffeee2d0000 - 0x00007ffeee2e2000 	C:\WINDOWS\SYSTEM32\kernel.appcore.dll
0x00007ffee0320000 - 0x00007ffee0331000 	C:\Program Files\Android\Android Studio\jre\bin\verify.dll
0x00007ffef0180000 - 0x00007ffef0364000 	C:\WINDOWS\SYSTEM32\DBGHELP.DLL
0x00007ffeeff30000 - 0x00007ffeeff5c000 	C:\WINDOWS\SYSTEM32\dbgcore.DLL
0x00007ffef0850000 - 0x00007ffef08d2000 	C:\WINDOWS\System32\bcryptPrimitives.dll
0x00007ffee02f0000 - 0x00007ffee0319000 	C:\Program Files\Android\Android Studio\jre\bin\java.dll
0x00007ffeee950000 - 0x00007ffeee95b000 	C:\Program Files\Android\Android Studio\jre\bin\jimage.dll
0x00007ffee02c0000 - 0x00007ffee02d8000 	C:\Program Files\Android\Android Studio\jre\bin\zip.dll
0x00007ffef1240000 - 0x00007ffef1984000 	C:\WINDOWS\System32\SHELL32.dll
0x00007ffeedb30000 - 0x00007ffeee2c4000 	C:\WINDOWS\SYSTEM32\windows.storage.dll
0x00007ffef2980000 - 0x00007ffef2cd4000 	C:\WINDOWS\System32\combase.dll
0x00007ffeefac0000 - 0x00007ffeefaf0000 	C:\WINDOWS\SYSTEM32\Wldp.dll
0x00007ffef1b00000 - 0x00007ffef1bad000 	C:\WINDOWS\System32\SHCORE.dll
0x00007ffef2150000 - 0x00007ffef21a5000 	C:\WINDOWS\System32\shlwapi.dll
0x00007ffef0690000 - 0x00007ffef06af000 	C:\WINDOWS\SYSTEM32\profapi.dll
0x00007ffee02a0000 - 0x00007ffee02ba000 	C:\Program Files\Android\Android Studio\jre\bin\net.dll
0x00007ffee6a50000 - 0x00007ffee6b5a000 	C:\WINDOWS\SYSTEM32\WINHTTP.dll
0x00007ffeef990000 - 0x00007ffeef9fa000 	C:\WINDOWS\system32\mswsock.dll
0x00007ffede490000 - 0x00007ffede4a4000 	C:\Program Files\Android\Android Studio\jre\bin\nio.dll
0x00007ffede2f0000 - 0x00007ffede317000 	C:\Users\luutr\.gradle\native\e1d6ef7f7dcc3fd88c89a11ec53ec762bb8ba0a96d01ffa2cd45eb1d1d8dd5c5\windows-amd64\native-platform.dll
0x00007ffe90740000 - 0x00007ffe90884000 	C:\Users\luutr\.gradle\native\0d407fdbe67a94daf76414ababcb853783967236a71b16ec16e742cd7a986fd3\windows-amd64\native-platform-file-events.dll
0x00007ffeee5d0000 - 0x00007ffeee5da000 	C:\Program Files\Android\Android Studio\jre\bin\management.dll
0x00007ffeeb4b0000 - 0x00007ffeeb4bd000 	C:\Program Files\Android\Android Studio\jre\bin\management_ext.dll
0x00007ffef04e0000 - 0x00007ffef04f8000 	C:\WINDOWS\SYSTEM32\CRYPTSP.dll
0x00007ffeef1c0000 - 0x00007ffeef1f4000 	C:\WINDOWS\system32\rsaenh.dll
0x00007ffef0db0000 - 0x00007ffef0dd7000 	C:\WINDOWS\System32\bcrypt.dll
0x00007ffef0650000 - 0x00007ffef067e000 	C:\WINDOWS\SYSTEM32\USERENV.dll
0x00007ffeefa80000 - 0x00007ffeefa8c000 	C:\WINDOWS\SYSTEM32\CRYPTBASE.dll
0x00007ffeef510000 - 0x00007ffeef54b000 	C:\WINDOWS\SYSTEM32\IPHLPAPI.DLL
0x00007ffef2d70000 - 0x00007ffef2d78000 	C:\WINDOWS\System32\NSI.dll
0x00007ffee9b30000 - 0x00007ffee9b47000 	C:\WINDOWS\SYSTEM32\dhcpcsvc6.DLL
0x00007ffee9ad0000 - 0x00007ffee9aed000 	C:\WINDOWS\SYSTEM32\dhcpcsvc.DLL
0x00007ffeef550000 - 0x00007ffeef61a000 	C:\WINDOWS\SYSTEM32\DNSAPI.dll

dbghelp: loaded successfully - version: 4.0.5 - missing functions: none
symbol engine: initialized successfully - sym options: 0x614 - pdb path: .;C:\Program Files\Android\Android Studio\jre\bin;C:\WINDOWS\SYSTEM32;C:\WINDOWS\WinSxS\amd64_microsoft.windows.common-controls_6595b64144ccf1df_6.0.19041.1110_none_60b5254171f9507e;C:\Program Files\Android\Android Studio\jre\bin\server;C:\Users\luutr\.gradle\native\e1d6ef7f7dcc3fd88c89a11ec53ec762bb8ba0a96d01ffa2cd45eb1d1d8dd5c5\windows-amd64;C:\Users\luutr\.gradle\native\0d407fdbe67a94daf76414ababcb853783967236a71b16ec16e742cd7a986fd3\windows-amd64

VM Arguments:
jvm_args: --add-opens=java.base/java.util=ALL-UNNAMED --add-opens=java.base/java.lang=ALL-UNNAMED --add-opens=java.base/java.lang.invoke=ALL-UNNAMED --add-opens=java.base/java.util=ALL-UNNAMED --add-opens=java.prefs/java.util.prefs=ALL-UNNAMED --add-opens=java.prefs/java.util.prefs=ALL-UNNAMED --add-opens=java.base/java.nio.charset=ALL-UNNAMED --add-opens=java.base/java.net=ALL-UNNAMED --add-opens=java.base/java.util.concurrent.atomic=ALL-UNNAMED -Xmx1536M -Dfile.encoding=windows-1252 -Duser.country=US -Duser.language=en -Duser.variant 
java_command: org.gradle.launcher.daemon.bootstrap.GradleDaemon 7.4
java_class_path (initial): C:\Users\luutr\.gradle\wrapper\dists\gradle-7.4-all\aadb4xli5jkdsnukm30eibyiu\gradle-7.4\lib\gradle-launcher-7.4.jar
Launcher Type: SUN_STANDARD

[Global flags]
     intx CICompilerCount                          = 4                                         {product} {ergonomic}
     uint ConcGCThreads                            = 3                                         {product} {ergonomic}
     uint G1ConcRefinementThreads                  = 10                                        {product} {ergonomic}
   size_t G1HeapRegionSize                         = 1048576                                   {product} {ergonomic}
    uintx GCDrainStackTargetSize                   = 64                                        {product} {ergonomic}
   size_t InitialHeapSize                          = 132120576                                 {product} {ergonomic}
   size_t MarkStackSize                            = 4194304                                   {product} {ergonomic}
   size_t MaxHeapSize                              = 1610612736                                {product} {command line}
   size_t MaxNewSize                               = 965738496                                 {product} {ergonomic}
   size_t MinHeapDeltaBytes                        = 1048576                                   {product} {ergonomic}
    uintx NonNMethodCodeHeapSize                   = 5836300                                {pd product} {ergonomic}
    uintx NonProfiledCodeHeapSize                  = 122910970                              {pd product} {ergonomic}
    uintx ProfiledCodeHeapSize                     = 122910970                              {pd product} {ergonomic}
    uintx ReservedCodeCacheSize                    = 251658240                              {pd product} {ergonomic}
     bool SegmentedCodeCache                       = true                                      {product} {ergonomic}
     bool UseCompressedClassPointers               = true                                 {lp64_product} {ergonomic}
     bool UseCompressedOops                        = true                                 {lp64_product} {ergonomic}
     bool UseG1GC                                  = true                                      {product} {ergonomic}
     bool UseLargePagesIndividualAllocation        = false                                  {pd product} {ergonomic}

Logging:
Log output configuration:
 #0: stdout all=warning uptime,level,tags
 #1: stderr all=off uptime,level,tags

Environment Variables:
JAVA_HOME=C:\Program Files\Android\Android Studio\jre
CLASSPATH=E:\frontend\flutter\thientin\app_flutter_thientin\android\\gradle\wrapper\gradle-wrapper.jar
PATH=C:\Program Files (x86)\Common Files\Oracle\Java\javapath;C:\WINDOWS\system32;C:\WINDOWS;C:\WINDOWS\System32\Wbem;C:\WINDOWS\System32\WindowsPowerShell\v1.0\;C:\WINDOWS\System32\OpenSSH\;C:\Program Files\Git\cmd;C:\Program Files\Java\jdk1.8.0_341\bin;C:\Program Files\nodejs\;C:\Users\luutr\AppData\Local\Android\Sdk\platform-tools;C:\Users\luutr\AppData\Local\Android\Sdk\tools;C:\Users\luutr\AppData\Local\Android\Sdk\tools\bin;E:\library\flutter\bin;C:\Users\luutr\AppData\Local\Programs\Python\Python310\Scripts;C:\Users\luutr\AppData\Local\Programs\Python\Python310;C:\Users\luutr\AppData\Local\Microsoft\WindowsApps;C:\Users\luutr\AppData\Local\GitHubDesktop\bin;C:\Users\luutr\AppData\Local\Programs\Microsoft VS Code\bin;C:\Users\luutr\AppData\Local\atom\bin;C:\Users\luutr\AppData\Roaming\npm;C:\Program Files\JetBrains\IntelliJ IDEA Community Edition 2022.2.1\bin;C:\Users\luutr\AppData\Local\Microsoft\WindowsApps
USERNAME=luutr
OS=Windows_NT
PROCESSOR_IDENTIFIER=Intel64 Family 6 Model 158 Stepping 10, GenuineIntel



---------------  S Y S T E M  ---------------

OS: Windows 10 , 64 bit Build 19041 (10.0.19041.1889)
OS uptime: 11 days 0:49 hours

CPU:total 12 (initial active 12) (6 cores per cpu, 2 threads per core) family 6 model 158 stepping 10 microcode 0xca, cmov, cx8, fxsr, mmx, sse, sse2, sse3, ssse3, sse4.1, sse4.2, popcnt, avx, avx2, aes, clmul, erms, 3dnowpref, lzcnt, ht, tsc, tscinvbit, bmi1, bmi2, adx, fma

Memory: 4k page, system-wide physical 8042M (355M free)
TotalPageFile size 32618M (AvailPageFile size 0M)
current process WorkingSet (physical memory assigned to process): 388M, peak: 417M
current process commit charge ("private bytes"): 448M, peak: 462M

vm_info: OpenJDK 64-Bit Server VM (11.0.12+7-b1504.28-7817840) for windows-amd64 JRE (11.0.12+7-b1504.28-7817840), built on Oct 13 2021 22:12:33 by "builder" with MS VC++ 14.0 (VS2015)

END.
